INFO - 2023-09-24 03:47:22 --> Session: Class initialized using 'CodeIgniter\Session\Handlers\FileHandler' driver.
CRITICAL - 2023-09-24 04:32:24 --> syntax error, unexpected token ";", expecting "]"
in APPPATH\Controllers\pages.php on line 17.
 1 SYSTEMPATH\Autoloader\Autoloader.php(291): CodeIgniter\Autoloader\Autoloader->includeFile('C:\\xampp\\htdocs\\sistem\\app\\Controllers\\Pages.php')
 2 SYSTEMPATH\Autoloader\Autoloader.php(269): CodeIgniter\Autoloader\Autoloader->loadInNamespace('App\\Controllers\\Pages')
 3 [internal function]: CodeIgniter\Autoloader\Autoloader->loadClass('App\\Controllers\\Pages')
 4 SYSTEMPATH\CodeIgniter.php(890): class_exists('\\App\\Controllers\\Pages', true)
 5 SYSTEMPATH\CodeIgniter.php(484): CodeIgniter\CodeIgniter->startController()
 6 SYSTEMPATH\CodeIgniter.php(366): CodeIgniter\CodeIgniter->handleRequest(null, Object(Config\Cache), false)
 7 FCPATH\index.php(67): CodeIgniter\CodeIgniter->run()
 8 SYSTEMPATH\Commands\Server\rewrite.php(47): require_once('C:\\xampp\\htdocs\\sistem\\public\\index.php')
CRITICAL - 2023-09-24 04:32:50 --> Class "App\Controllers\SensorModel" not found
in APPPATH\Controllers\pages.php on line 10.
 1 SYSTEMPATH\CodeIgniter.php(904): App\Controllers\Pages->__construct()
 2 SYSTEMPATH\CodeIgniter.php(488): CodeIgniter\CodeIgniter->createController()
 3 SYSTEMPATH\CodeIgniter.php(366): CodeIgniter\CodeIgniter->handleRequest(null, Object(Config\Cache), false)
 4 FCPATH\index.php(67): CodeIgniter\CodeIgniter->run()
 5 SYSTEMPATH\Commands\Server\rewrite.php(47): require_once('C:\\xampp\\htdocs\\sistem\\public\\index.php')
INFO - 2023-09-24 04:33:47 --> Session: Class initialized using 'CodeIgniter\Session\Handlers\FileHandler' driver.
CRITICAL - 2023-09-24 04:33:48 --> Undefined variable $dafatr
in APPPATH\Views\pages\home.php on line 14.
 1 APPPATH\Views\pages\home.php(14): CodeIgniter\Debug\Exceptions->errorHandler(2, 'Undefined variable $dafatr', 'C:\\xampp\\htdocs\\sistem\\app\\Views\\pages\\home.php', 14)
 2 SYSTEMPATH\View\View.php(224): include('C:\\xampp\\htdocs\\sistem\\app\\Views\\pages\\home.php')
 3 SYSTEMPATH\View\View.php(227): CodeIgniter\View\View->CodeIgniter\View\{closure}()
 4 SYSTEMPATH\Common.php(1176): CodeIgniter\View\View->render('pages/home', [], true)
 5 APPPATH\Controllers\pages.php(22): view('pages/home', [...])
 6 SYSTEMPATH\CodeIgniter.php(932): App\Controllers\Pages->index()
 7 SYSTEMPATH\CodeIgniter.php(497): CodeIgniter\CodeIgniter->runController(Object(App\Controllers\Pages))
 8 SYSTEMPATH\CodeIgniter.php(366): CodeIgniter\CodeIgniter->handleRequest(null, Object(Config\Cache), false)
 9 FCPATH\index.php(67): CodeIgniter\CodeIgniter->run()
10 SYSTEMPATH\Commands\Server\rewrite.php(47): require_once('C:\\xampp\\htdocs\\sistem\\public\\index.php')
CRITICAL - 2023-09-24 04:34:21 --> Undefined array key "suhu"
in APPPATH\Views\pages\home.php on line 14.
 1 APPPATH\Views\pages\home.php(14): CodeIgniter\Debug\Exceptions->errorHandler(2, 'Undefined array key "suhu"', 'C:\\xampp\\htdocs\\sistem\\app\\Views\\pages\\home.php', 14)
 2 SYSTEMPATH\View\View.php(224): include('C:\\xampp\\htdocs\\sistem\\app\\Views\\pages\\home.php')
 3 SYSTEMPATH\View\View.php(227): CodeIgniter\View\View->CodeIgniter\View\{closure}()
 4 SYSTEMPATH\Common.php(1176): CodeIgniter\View\View->render('pages/home', [], true)
 5 APPPATH\Controllers\pages.php(22): view('pages/home', [...])
 6 SYSTEMPATH\CodeIgniter.php(932): App\Controllers\Pages->index()
 7 SYSTEMPATH\CodeIgniter.php(497): CodeIgniter\CodeIgniter->runController(Object(App\Controllers\Pages))
 8 SYSTEMPATH\CodeIgniter.php(366): CodeIgniter\CodeIgniter->handleRequest(null, Object(Config\Cache), false)
 9 FCPATH\index.php(67): CodeIgniter\CodeIgniter->run()
10 SYSTEMPATH\Commands\Server\rewrite.php(47): require_once('C:\\xampp\\htdocs\\sistem\\public\\index.php')
CRITICAL - 2023-09-24 04:37:14 --> Undefined array key "suhu"
in APPPATH\Views\pages\home.php on line 14.
 1 APPPATH\Views\pages\home.php(14): CodeIgniter\Debug\Exceptions->errorHandler(2, 'Undefined array key "suhu"', 'C:\\xampp\\htdocs\\sistem\\app\\Views\\pages\\home.php', 14)
 2 SYSTEMPATH\View\View.php(224): include('C:\\xampp\\htdocs\\sistem\\app\\Views\\pages\\home.php')
 3 SYSTEMPATH\View\View.php(227): CodeIgniter\View\View->CodeIgniter\View\{closure}()
 4 SYSTEMPATH\Common.php(1176): CodeIgniter\View\View->render('pages/home', [], true)
 5 APPPATH\Controllers\pages.php(22): view('pages/home', [...])
 6 SYSTEMPATH\CodeIgniter.php(932): App\Controllers\Pages->index()
 7 SYSTEMPATH\CodeIgniter.php(497): CodeIgniter\CodeIgniter->runController(Object(App\Controllers\Pages))
 8 SYSTEMPATH\CodeIgniter.php(366): CodeIgniter\CodeIgniter->handleRequest(null, Object(Config\Cache), false)
 9 FCPATH\index.php(67): CodeIgniter\CodeIgniter->run()
10 SYSTEMPATH\Commands\Server\rewrite.php(47): require_once('C:\\xampp\\htdocs\\sistem\\public\\index.php')
CRITICAL - 2023-09-24 05:24:39 --> Undefined property: App\Controllers\Pages::$uri
in APPPATH\Controllers\pages.php on line 27.
 1 APPPATH\Controllers\pages.php(27): CodeIgniter\Debug\Exceptions->errorHandler(2, 'Undefined property: App\\Controllers\\Pages::$uri', 'C:\\xampp\\htdocs\\sistem\\app\\Controllers\\pages.php', 27)
 2 SYSTEMPATH\CodeIgniter.php(932): App\Controllers\Pages->senData('30.23', '70')
 3 SYSTEMPATH\CodeIgniter.php(497): CodeIgniter\CodeIgniter->runController(Object(App\Controllers\Pages))
 4 SYSTEMPATH\CodeIgniter.php(366): CodeIgniter\CodeIgniter->handleRequest(null, Object(Config\Cache), false)
 5 FCPATH\index.php(67): CodeIgniter\CodeIgniter->run()
 6 SYSTEMPATH\Commands\Server\rewrite.php(47): require_once('C:\\xampp\\htdocs\\sistem\\public\\index.php')
CRITICAL - 2023-09-24 05:27:13 --> Undefined property: App\Controllers\Pages::$uri
in APPPATH\Controllers\pages.php on line 27.
 1 APPPATH\Controllers\pages.php(27): CodeIgniter\Debug\Exceptions->errorHandler(2, 'Undefined property: App\\Controllers\\Pages::$uri', 'C:\\xampp\\htdocs\\sistem\\app\\Controllers\\pages.php', 27)
 2 SYSTEMPATH\CodeIgniter.php(932): App\Controllers\Pages->senData('30.23', '70')
 3 SYSTEMPATH\CodeIgniter.php(497): CodeIgniter\CodeIgniter->runController(Object(App\Controllers\Pages))
 4 SYSTEMPATH\CodeIgniter.php(366): CodeIgniter\CodeIgniter->handleRequest(null, Object(Config\Cache), false)
 5 FCPATH\index.php(67): CodeIgniter\CodeIgniter->run()
 6 SYSTEMPATH\Commands\Server\rewrite.php(47): require_once('C:\\xampp\\htdocs\\sistem\\public\\index.php')
CRITICAL - 2023-09-24 05:27:15 --> Undefined property: App\Controllers\Pages::$uri
in APPPATH\Controllers\pages.php on line 27.
 1 APPPATH\Controllers\pages.php(27): CodeIgniter\Debug\Exceptions->errorHandler(2, 'Undefined property: App\\Controllers\\Pages::$uri', 'C:\\xampp\\htdocs\\sistem\\app\\Controllers\\pages.php', 27)
 2 SYSTEMPATH\CodeIgniter.php(932): App\Controllers\Pages->senData('30.23', '70')
 3 SYSTEMPATH\CodeIgniter.php(497): CodeIgniter\CodeIgniter->runController(Object(App\Controllers\Pages))
 4 SYSTEMPATH\CodeIgniter.php(366): CodeIgniter\CodeIgniter->handleRequest(null, Object(Config\Cache), false)
 5 FCPATH\index.php(67): CodeIgniter\CodeIgniter->run()
 6 SYSTEMPATH\Commands\Server\rewrite.php(47): require_once('C:\\xampp\\htdocs\\sistem\\public\\index.php')
CRITICAL - 2023-09-24 05:37:19 --> There is no data to update.
in SYSTEMPATH\BaseModel.php on line 1693.
 1 SYSTEMPATH\BaseModel.php(1693): CodeIgniter\Database\Exceptions\DataException::forEmptyDataset('update')
 2 SYSTEMPATH\BaseModel.php(910): CodeIgniter\BaseModel->transformDataToArray(null, 'update')
 3 SYSTEMPATH\Model.php(756): CodeIgniter\BaseModel->update(null, null)
 4 APPPATH\Models\SensorModel.php(20): CodeIgniter\Model->update()
 5 APPPATH\Controllers\pages.php(33): App\Models\SensorModel->updateSensor([...])
 6 SYSTEMPATH\CodeIgniter.php(932): App\Controllers\Pages->senData('30.23', '70')
 7 SYSTEMPATH\CodeIgniter.php(497): CodeIgniter\CodeIgniter->runController(Object(App\Controllers\Pages))
 8 SYSTEMPATH\CodeIgniter.php(366): CodeIgniter\CodeIgniter->handleRequest(null, Object(Config\Cache), false)
 9 FCPATH\index.php(67): CodeIgniter\CodeIgniter->run()
10 SYSTEMPATH\Commands\Server\rewrite.php(47): require_once('C:\\xampp\\htdocs\\sistem\\public\\index.php')
CRITICAL - 2023-09-24 05:41:26 --> syntax error, unexpected variable "$updateData"
in APPPATH\Controllers\pages.php on line 31.
 1 SYSTEMPATH\Router\Router.php(510): CodeIgniter\Router\AutoRouter->getRoute('pages/30.23/70', 'get')
 2 SYSTEMPATH\Router\Router.php(208): CodeIgniter\Router\Router->autoRoute('pages/30.23/70')
 3 SYSTEMPATH\CodeIgniter.php(813): CodeIgniter\Router\Router->handle('pages/30.23/70')
 4 SYSTEMPATH\CodeIgniter.php(447): CodeIgniter\CodeIgniter->tryToRouteIt(Object(CodeIgniter\Router\RouteCollection))
 5 SYSTEMPATH\CodeIgniter.php(366): CodeIgniter\CodeIgniter->handleRequest(null, Object(Config\Cache), false)
 6 FCPATH\index.php(67): CodeIgniter\CodeIgniter->run()
 7 SYSTEMPATH\Commands\Server\rewrite.php(47): require_once('C:\\xampp\\htdocs\\sistem\\public\\index.php')
CRITICAL - 2023-09-24 05:43:30 --> There is no data to update.
in SYSTEMPATH\BaseModel.php on line 1693.
 1 SYSTEMPATH\BaseModel.php(1693): CodeIgniter\Database\Exceptions\DataException::forEmptyDataset('update')
 2 SYSTEMPATH\BaseModel.php(910): CodeIgniter\BaseModel->transformDataToArray(null, 'update')
 3 SYSTEMPATH\Model.php(756): CodeIgniter\BaseModel->update(null, null)
 4 APPPATH\Models\SensorModel.php(20): CodeIgniter\Model->update()
 5 APPPATH\Controllers\pages.php(33): App\Models\SensorModel->updateSensor([...])
 6 SYSTEMPATH\CodeIgniter.php(932): App\Controllers\Pages->senData('30.23', '70')
 7 SYSTEMPATH\CodeIgniter.php(497): CodeIgniter\CodeIgniter->runController(Object(App\Controllers\Pages))
 8 SYSTEMPATH\CodeIgniter.php(366): CodeIgniter\CodeIgniter->handleRequest(null, Object(Config\Cache), false)
 9 FCPATH\index.php(67): CodeIgniter\CodeIgniter->run()
10 SYSTEMPATH\Commands\Server\rewrite.php(47): require_once('C:\\xampp\\htdocs\\sistem\\public\\index.php')
CRITICAL - 2023-09-24 05:45:22 --> There is no data to update.
in SYSTEMPATH\BaseModel.php on line 1693.
 1 SYSTEMPATH\BaseModel.php(1693): CodeIgniter\Database\Exceptions\DataException::forEmptyDataset('update')
 2 SYSTEMPATH\BaseModel.php(910): CodeIgniter\BaseModel->transformDataToArray(null, 'update')
 3 SYSTEMPATH\Model.php(756): CodeIgniter\BaseModel->update([...], null)
 4 APPPATH\Models\SensorModel.php(20): CodeIgniter\Model->update([...])
 5 APPPATH\Controllers\pages.php(33): App\Models\SensorModel->updateSensor([...])
 6 SYSTEMPATH\CodeIgniter.php(932): App\Controllers\Pages->senData('30.23', '70')
 7 SYSTEMPATH\CodeIgniter.php(497): CodeIgniter\CodeIgniter->runController(Object(App\Controllers\Pages))
 8 SYSTEMPATH\CodeIgniter.php(366): CodeIgniter\CodeIgniter->handleRequest(null, Object(Config\Cache), false)
 9 FCPATH\index.php(67): CodeIgniter\CodeIgniter->run()
10 SYSTEMPATH\Commands\Server\rewrite.php(47): require_once('C:\\xampp\\htdocs\\sistem\\public\\index.php')
CRITICAL - 2023-09-24 05:45:25 --> There is no data to update.
in SYSTEMPATH\BaseModel.php on line 1693.
 1 SYSTEMPATH\BaseModel.php(1693): CodeIgniter\Database\Exceptions\DataException::forEmptyDataset('update')
 2 SYSTEMPATH\BaseModel.php(910): CodeIgniter\BaseModel->transformDataToArray(null, 'update')
 3 SYSTEMPATH\Model.php(756): CodeIgniter\BaseModel->update([...], null)
 4 APPPATH\Models\SensorModel.php(20): CodeIgniter\Model->update([...])
 5 APPPATH\Controllers\pages.php(33): App\Models\SensorModel->updateSensor([...])
 6 SYSTEMPATH\CodeIgniter.php(932): App\Controllers\Pages->senData('30.23', '70')
 7 SYSTEMPATH\CodeIgniter.php(497): CodeIgniter\CodeIgniter->runController(Object(App\Controllers\Pages))
 8 SYSTEMPATH\CodeIgniter.php(366): CodeIgniter\CodeIgniter->handleRequest(null, Object(Config\Cache), false)
 9 FCPATH\index.php(67): CodeIgniter\CodeIgniter->run()
10 SYSTEMPATH\Commands\Server\rewrite.php(47): require_once('C:\\xampp\\htdocs\\sistem\\public\\index.php')
CRITICAL - 2023-09-24 05:46:07 --> There is no data to update.
in SYSTEMPATH\BaseModel.php on line 1693.
 1 SYSTEMPATH\BaseModel.php(1693): CodeIgniter\Database\Exceptions\DataException::forEmptyDataset('update')
 2 SYSTEMPATH\BaseModel.php(910): CodeIgniter\BaseModel->transformDataToArray(null, 'update')
 3 SYSTEMPATH\Model.php(756): CodeIgniter\BaseModel->update([...], null)
 4 APPPATH\Models\SensorModel.php(20): CodeIgniter\Model->update([...])
 5 APPPATH\Controllers\pages.php(33): App\Models\SensorModel->updateSensor([...])
 6 SYSTEMPATH\CodeIgniter.php(932): App\Controllers\Pages->senData('30.23', '70')
 7 SYSTEMPATH\CodeIgniter.php(497): CodeIgniter\CodeIgniter->runController(Object(App\Controllers\Pages))
 8 SYSTEMPATH\CodeIgniter.php(366): CodeIgniter\CodeIgniter->handleRequest(null, Object(Config\Cache), false)
 9 FCPATH\index.php(67): CodeIgniter\CodeIgniter->run()
10 SYSTEMPATH\Commands\Server\rewrite.php(47): require_once('C:\\xampp\\htdocs\\sistem\\public\\index.php')
CRITICAL - 2023-09-24 05:46:51 --> There is no data to update.
in SYSTEMPATH\BaseModel.php on line 1693.
 1 SYSTEMPATH\BaseModel.php(1693): CodeIgniter\Database\Exceptions\DataException::forEmptyDataset('update')
 2 SYSTEMPATH\BaseModel.php(910): CodeIgniter\BaseModel->transformDataToArray(null, 'update')
 3 SYSTEMPATH\Model.php(756): CodeIgniter\BaseModel->update([...], null)
 4 APPPATH\Models\SensorModel.php(20): CodeIgniter\Model->update([...])
 5 APPPATH\Controllers\pages.php(35): App\Models\SensorModel->updateSensor([...])
 6 SYSTEMPATH\CodeIgniter.php(932): App\Controllers\Pages->senData('30.23', '70')
 7 SYSTEMPATH\CodeIgniter.php(497): CodeIgniter\CodeIgniter->runController(Object(App\Controllers\Pages))
 8 SYSTEMPATH\CodeIgniter.php(366): CodeIgniter\CodeIgniter->handleRequest(null, Object(Config\Cache), false)
 9 FCPATH\index.php(67): CodeIgniter\CodeIgniter->run()
10 SYSTEMPATH\Commands\Server\rewrite.php(47): require_once('C:\\xampp\\htdocs\\sistem\\public\\index.php')
CRITICAL - 2023-09-24 05:47:57 --> Undefined property: App\Controllers\Pages::$uri
in APPPATH\Controllers\pages.php on line 27.
 1 APPPATH\Controllers\pages.php(27): CodeIgniter\Debug\Exceptions->errorHandler(2, 'Undefined property: App\\Controllers\\Pages::$uri', 'C:\\xampp\\htdocs\\sistem\\app\\Controllers\\pages.php', 27)
 2 SYSTEMPATH\CodeIgniter.php(932): App\Controllers\Pages->senData('30.23', '70')
 3 SYSTEMPATH\CodeIgniter.php(497): CodeIgniter\CodeIgniter->runController(Object(App\Controllers\Pages))
 4 SYSTEMPATH\CodeIgniter.php(366): CodeIgniter\CodeIgniter->handleRequest(null, Object(Config\Cache), false)
 5 FCPATH\index.php(67): CodeIgniter\CodeIgniter->run()
 6 SYSTEMPATH\Commands\Server\rewrite.php(47): require_once('C:\\xampp\\htdocs\\sistem\\public\\index.php')
CRITICAL - 2023-09-24 05:49:35 --> syntax error, unexpected token "=", expecting variable
in APPPATH\Controllers\pages.php on line 9.
 1 SYSTEMPATH\Router\Router.php(510): CodeIgniter\Router\AutoRouter->getRoute('pages/senData/30.23/70', 'get')
 2 SYSTEMPATH\Router\Router.php(208): CodeIgniter\Router\Router->autoRoute('pages/senData/30.23/70')
 3 SYSTEMPATH\CodeIgniter.php(813): CodeIgniter\Router\Router->handle('pages/senData/30.23/70')
 4 SYSTEMPATH\CodeIgniter.php(447): CodeIgniter\CodeIgniter->tryToRouteIt(Object(CodeIgniter\Router\RouteCollection))
 5 SYSTEMPATH\CodeIgniter.php(366): CodeIgniter\CodeIgniter->handleRequest(null, Object(Config\Cache), false)
 6 FCPATH\index.php(67): CodeIgniter\CodeIgniter->run()
 7 SYSTEMPATH\Commands\Server\rewrite.php(47): require_once('C:\\xampp\\htdocs\\sistem\\public\\index.php')
CRITICAL - 2023-09-24 05:49:54 --> Call to a member function segment() on null
in APPPATH\Controllers\pages.php on line 28.
 1 SYSTEMPATH\CodeIgniter.php(932): App\Controllers\Pages->senData('30.23', '70')
 2 SYSTEMPATH\CodeIgniter.php(497): CodeIgniter\CodeIgniter->runController(Object(App\Controllers\Pages))
 3 SYSTEMPATH\CodeIgniter.php(366): CodeIgniter\CodeIgniter->handleRequest(null, Object(Config\Cache), false)
 4 FCPATH\index.php(67): CodeIgniter\CodeIgniter->run()
 5 SYSTEMPATH\Commands\Server\rewrite.php(47): require_once('C:\\xampp\\htdocs\\sistem\\public\\index.php')
CRITICAL - 2023-09-24 05:50:43 --> Call to a member function segment() on null
in APPPATH\Controllers\pages.php on line 28.
 1 SYSTEMPATH\CodeIgniter.php(932): App\Controllers\Pages->senData('30.23', '70')
 2 SYSTEMPATH\CodeIgniter.php(497): CodeIgniter\CodeIgniter->runController(Object(App\Controllers\Pages))
 3 SYSTEMPATH\CodeIgniter.php(366): CodeIgniter\CodeIgniter->handleRequest(null, Object(Config\Cache), false)
 4 FCPATH\index.php(67): CodeIgniter\CodeIgniter->run()
 5 SYSTEMPATH\Commands\Server\rewrite.php(47): require_once('C:\\xampp\\htdocs\\sistem\\public\\index.php')
CRITICAL - 2023-09-24 05:50:45 --> Call to a member function segment() on null
in APPPATH\Controllers\pages.php on line 28.
 1 SYSTEMPATH\CodeIgniter.php(932): App\Controllers\Pages->senData('30.23', '70')
 2 SYSTEMPATH\CodeIgniter.php(497): CodeIgniter\CodeIgniter->runController(Object(App\Controllers\Pages))
 3 SYSTEMPATH\CodeIgniter.php(366): CodeIgniter\CodeIgniter->handleRequest(null, Object(Config\Cache), false)
 4 FCPATH\index.php(67): CodeIgniter\CodeIgniter->run()
 5 SYSTEMPATH\Commands\Server\rewrite.php(47): require_once('C:\\xampp\\htdocs\\sistem\\public\\index.php')
CRITICAL - 2023-09-24 05:57:25 --> There is no data to update.
in SYSTEMPATH\BaseModel.php on line 1693.
 1 SYSTEMPATH\BaseModel.php(1693): CodeIgniter\Database\Exceptions\DataException::forEmptyDataset('update')
 2 SYSTEMPATH\BaseModel.php(910): CodeIgniter\BaseModel->transformDataToArray(null, 'update')
 3 SYSTEMPATH\Model.php(756): CodeIgniter\BaseModel->update([...], null)
 4 APPPATH\Models\SensorModel.php(20): CodeIgniter\Model->update([...])
 5 APPPATH\Controllers\pages.php(38): App\Models\SensorModel->updateSensor([...])
 6 SYSTEMPATH\CodeIgniter.php(932): App\Controllers\Pages->senData('30.23', '70')
 7 SYSTEMPATH\CodeIgniter.php(497): CodeIgniter\CodeIgniter->runController(Object(App\Controllers\Pages))
 8 SYSTEMPATH\CodeIgniter.php(366): CodeIgniter\CodeIgniter->handleRequest(null, Object(Config\Cache), false)
 9 FCPATH\index.php(67): CodeIgniter\CodeIgniter->run()
10 SYSTEMPATH\Commands\Server\rewrite.php(47): require_once('C:\\xampp\\htdocs\\sistem\\public\\index.php')
CRITICAL - 2023-09-24 05:57:31 --> There is no data to update.
in SYSTEMPATH\BaseModel.php on line 1693.
 1 SYSTEMPATH\BaseModel.php(1693): CodeIgniter\Database\Exceptions\DataException::forEmptyDataset('update')
 2 SYSTEMPATH\BaseModel.php(910): CodeIgniter\BaseModel->transformDataToArray(null, 'update')
 3 SYSTEMPATH\Model.php(756): CodeIgniter\BaseModel->update([...], null)
 4 APPPATH\Models\SensorModel.php(20): CodeIgniter\Model->update([...])
 5 APPPATH\Controllers\pages.php(38): App\Models\SensorModel->updateSensor([...])
 6 SYSTEMPATH\CodeIgniter.php(932): App\Controllers\Pages->senData('30.23', '70')
 7 SYSTEMPATH\CodeIgniter.php(497): CodeIgniter\CodeIgniter->runController(Object(App\Controllers\Pages))
 8 SYSTEMPATH\CodeIgniter.php(366): CodeIgniter\CodeIgniter->handleRequest(null, Object(Config\Cache), false)
 9 FCPATH\index.php(67): CodeIgniter\CodeIgniter->run()
10 SYSTEMPATH\Commands\Server\rewrite.php(47): require_once('C:\\xampp\\htdocs\\sistem\\public\\index.php')
INFO - 2023-09-24 12:52:21 --> Session: Class initialized using 'CodeIgniter\Session\Handlers\FileHandler' driver.
CRITICAL - 2023-09-24 12:58:08 --> There is no data to update.
in SYSTEMPATH\BaseModel.php on line 1693.
 1 SYSTEMPATH\BaseModel.php(1693): CodeIgniter\Database\Exceptions\DataException::forEmptyDataset('update')
 2 SYSTEMPATH\BaseModel.php(910): CodeIgniter\BaseModel->transformDataToArray(null, 'update')
 3 SYSTEMPATH\Model.php(756): CodeIgniter\BaseModel->update([...], null)
 4 APPPATH\Models\SensorModel.php(20): CodeIgniter\Model->update([...])
 5 APPPATH\Controllers\pages.php(38): App\Models\SensorModel->updateSensor([...])
 6 SYSTEMPATH\CodeIgniter.php(932): App\Controllers\Pages->senData('30.23', '70')
 7 SYSTEMPATH\CodeIgniter.php(497): CodeIgniter\CodeIgniter->runController(Object(App\Controllers\Pages))
 8 SYSTEMPATH\CodeIgniter.php(366): CodeIgniter\CodeIgniter->handleRequest(null, Object(Config\Cache), false)
 9 FCPATH\index.php(67): CodeIgniter\CodeIgniter->run()
10 SYSTEMPATH\Commands\Server\rewrite.php(47): require_once('C:\\xampp\\htdocs\\sistem\\public\\index.php')
CRITICAL - 2023-09-24 12:59:56 --> There is no data to update.
in SYSTEMPATH\BaseModel.php on line 1693.
 1 SYSTEMPATH\BaseModel.php(1693): CodeIgniter\Database\Exceptions\DataException::forEmptyDataset('update')
 2 SYSTEMPATH\BaseModel.php(910): CodeIgniter\BaseModel->transformDataToArray(null, 'update')
 3 SYSTEMPATH\Model.php(756): CodeIgniter\BaseModel->update([...], null)
 4 APPPATH\Models\SensorModel.php(20): CodeIgniter\Model->update([...])
 5 APPPATH\Controllers\pages.php(38): App\Models\SensorModel->updateSensor([...])
 6 SYSTEMPATH\CodeIgniter.php(932): App\Controllers\Pages->senData('30,23', '70')
 7 SYSTEMPATH\CodeIgniter.php(497): CodeIgniter\CodeIgniter->runController(Object(App\Controllers\Pages))
 8 SYSTEMPATH\CodeIgniter.php(366): CodeIgniter\CodeIgniter->handleRequest(null, Object(Config\Cache), false)
 9 FCPATH\index.php(67): CodeIgniter\CodeIgniter->run()
10 SYSTEMPATH\Commands\Server\rewrite.php(47): require_once('C:\\xampp\\htdocs\\sistem\\public\\index.php')
CRITICAL - 2023-09-24 13:06:15 --> There is no data to update.
in SYSTEMPATH\BaseModel.php on line 1693.
 1 SYSTEMPATH\BaseModel.php(1693): CodeIgniter\Database\Exceptions\DataException::forEmptyDataset('update')
 2 SYSTEMPATH\BaseModel.php(910): CodeIgniter\BaseModel->transformDataToArray(null, 'update')
 3 SYSTEMPATH\Model.php(756): CodeIgniter\BaseModel->update([...], null)
 4 APPPATH\Models\SensorModel.php(20): CodeIgniter\Model->update([...])
 5 APPPATH\Controllers\pages.php(38): App\Models\SensorModel->updateSensor([...])
 6 SYSTEMPATH\CodeIgniter.php(932): App\Controllers\Pages->senData('30,23', '70')
 7 SYSTEMPATH\CodeIgniter.php(497): CodeIgniter\CodeIgniter->runController(Object(App\Controllers\Pages))
 8 SYSTEMPATH\CodeIgniter.php(366): CodeIgniter\CodeIgniter->handleRequest(null, Object(Config\Cache), false)
 9 FCPATH\index.php(67): CodeIgniter\CodeIgniter->run()
10 SYSTEMPATH\Commands\Server\rewrite.php(47): require_once('C:\\xampp\\htdocs\\sistem\\public\\index.php')
CRITICAL - 2023-09-24 13:06:17 --> There is no data to update.
in SYSTEMPATH\BaseModel.php on line 1693.
 1 SYSTEMPATH\BaseModel.php(1693): CodeIgniter\Database\Exceptions\DataException::forEmptyDataset('update')
 2 SYSTEMPATH\BaseModel.php(910): CodeIgniter\BaseModel->transformDataToArray(null, 'update')
 3 SYSTEMPATH\Model.php(756): CodeIgniter\BaseModel->update([...], null)
 4 APPPATH\Models\SensorModel.php(20): CodeIgniter\Model->update([...])
 5 APPPATH\Controllers\pages.php(38): App\Models\SensorModel->updateSensor([...])
 6 SYSTEMPATH\CodeIgniter.php(932): App\Controllers\Pages->senData('30,23', '70')
 7 SYSTEMPATH\CodeIgniter.php(497): CodeIgniter\CodeIgniter->runController(Object(App\Controllers\Pages))
 8 SYSTEMPATH\CodeIgniter.php(366): CodeIgniter\CodeIgniter->handleRequest(null, Object(Config\Cache), false)
 9 FCPATH\index.php(67): CodeIgniter\CodeIgniter->run()
10 SYSTEMPATH\Commands\Server\rewrite.php(47): require_once('C:\\xampp\\htdocs\\sistem\\public\\index.php')
CRITICAL - 2023-09-24 13:18:29 --> Undefined variable $senModel
in APPPATH\Controllers\pages.php on line 38.
 1 APPPATH\Controllers\pages.php(38): CodeIgniter\Debug\Exceptions->errorHandler(2, 'Undefined variable $senModel', 'C:\\xampp\\htdocs\\sistem\\app\\Controllers\\pages.php', 38)
 2 SYSTEMPATH\CodeIgniter.php(932): App\Controllers\Pages->senData('30,23', '70')
 3 SYSTEMPATH\CodeIgniter.php(497): CodeIgniter\CodeIgniter->runController(Object(App\Controllers\Pages))
 4 SYSTEMPATH\CodeIgniter.php(366): CodeIgniter\CodeIgniter->handleRequest(null, Object(Config\Cache), false)
 5 FCPATH\index.php(67): CodeIgniter\CodeIgniter->run()
 6 SYSTEMPATH\Commands\Server\rewrite.php(47): require_once('C:\\xampp\\htdocs\\sistem\\public\\index.php')
CRITICAL - 2023-09-24 13:43:39 --> Declaration of App\Models\SensorModel::update() must be compatible with CodeIgniter\Model::update($id = null, $data = null): bool
in APPPATH\Models\SensorModel.php on line 18.
 1 [internal function]: CodeIgniter\Debug\Exceptions->shutdownHandler()
