INFO - 2023-10-14 13:15:56 --> Session: Class initialized using 'CodeIgniter\Session\Handlers\FileHandler' driver.
INFO - 2023-10-14 13:15:57 --> Session: Class initialized using 'CodeIgniter\Session\Handlers\FileHandler' driver.
INFO - 2023-10-14 13:21:47 --> Session: Class initialized using 'CodeIgniter\Session\Handlers\FileHandler' driver.
INFO - 2023-10-14 19:26:52 --> Session: Class initialized using 'CodeIgniter\Session\Handlers\FileHandler' driver.
INFO - 2023-10-14 19:26:52 --> Session: Class initialized using 'CodeIgniter\Session\Handlers\FileHandler' driver.
CRITICAL - 2023-10-14 19:27:41 --> Namespace declaration statement has to be the very first statement or after any declare call in the script
in APPPATH\Models\MqttModel.php on line 5.
 1 [internal function]: CodeIgniter\Debug\Exceptions->shutdownHandler()
CRITICAL - 2023-10-14 19:33:14 --> Class "phpMQTT" not found
in APPPATH\Models\MqttModel.php on line 16.
 1 APPPATH\Controllers\Mqtt.php(12): App\Models\MqttModel->__construct()
 2 SYSTEMPATH\CodeIgniter.php(932): App\Controllers\Mqtt->sendMessage()
 3 SYSTEMPATH\CodeIgniter.php(497): CodeIgniter\CodeIgniter->runController(Object(App\Controllers\Mqtt))
 4 SYSTEMPATH\CodeIgniter.php(366): CodeIgniter\CodeIgniter->handleRequest(null, Object(Config\Cache), false)
 5 FCPATH\index.php(67): CodeIgniter\CodeIgniter->run()
CRITICAL - 2023-10-14 19:35:42 --> Class "phpMQTT" not found
in APPPATH\Models\MqttModel.php on line 15.
 1 APPPATH\Controllers\Mqtt.php(12): App\Models\MqttModel->__construct()
 2 SYSTEMPATH\CodeIgniter.php(932): App\Controllers\Mqtt->sendMessage()
 3 SYSTEMPATH\CodeIgniter.php(497): CodeIgniter\CodeIgniter->runController(Object(App\Controllers\Mqtt))
 4 SYSTEMPATH\CodeIgniter.php(366): CodeIgniter\CodeIgniter->handleRequest(null, Object(Config\Cache), false)
 5 FCPATH\index.php(67): CodeIgniter\CodeIgniter->run()
CRITICAL - 2023-10-14 19:35:44 --> Class "phpMQTT" not found
in APPPATH\Models\MqttModel.php on line 15.
 1 APPPATH\Controllers\Mqtt.php(12): App\Models\MqttModel->__construct()
 2 SYSTEMPATH\CodeIgniter.php(932): App\Controllers\Mqtt->sendMessage()
 3 SYSTEMPATH\CodeIgniter.php(497): CodeIgniter\CodeIgniter->runController(Object(App\Controllers\Mqtt))
 4 SYSTEMPATH\CodeIgniter.php(366): CodeIgniter\CodeIgniter->handleRequest(null, Object(Config\Cache), false)
 5 FCPATH\index.php(67): CodeIgniter\CodeIgniter->run()
CRITICAL - 2023-10-14 19:36:31 --> Class "phpMQTT" not found
in APPPATH\Models\MqttModel.php on line 15.
 1 APPPATH\Controllers\Mqtt.php(12): App\Models\MqttModel->__construct()
 2 SYSTEMPATH\CodeIgniter.php(932): App\Controllers\Mqtt->sendMessage()
 3 SYSTEMPATH\CodeIgniter.php(497): CodeIgniter\CodeIgniter->runController(Object(App\Controllers\Mqtt))
 4 SYSTEMPATH\CodeIgniter.php(366): CodeIgniter\CodeIgniter->handleRequest(null, Object(Config\Cache), false)
 5 FCPATH\index.php(67): CodeIgniter\CodeIgniter->run()
CRITICAL - 2023-10-14 19:36:34 --> Class "phpMQTT" not found
in APPPATH\Models\MqttModel.php on line 15.
 1 APPPATH\Controllers\Mqtt.php(12): App\Models\MqttModel->__construct()
 2 SYSTEMPATH\CodeIgniter.php(932): App\Controllers\Mqtt->sendMessage()
 3 SYSTEMPATH\CodeIgniter.php(497): CodeIgniter\CodeIgniter->runController(Object(App\Controllers\Mqtt))
 4 SYSTEMPATH\CodeIgniter.php(366): CodeIgniter\CodeIgniter->handleRequest(null, Object(Config\Cache), false)
 5 FCPATH\index.php(67): CodeIgniter\CodeIgniter->run()
CRITICAL - 2023-10-14 19:36:36 --> Class "phpMQTT" not found
in APPPATH\Models\MqttModel.php on line 15.
 1 APPPATH\Controllers\Mqtt.php(12): App\Models\MqttModel->__construct()
 2 SYSTEMPATH\CodeIgniter.php(932): App\Controllers\Mqtt->sendMessage()
 3 SYSTEMPATH\CodeIgniter.php(497): CodeIgniter\CodeIgniter->runController(Object(App\Controllers\Mqtt))
 4 SYSTEMPATH\CodeIgniter.php(366): CodeIgniter\CodeIgniter->handleRequest(null, Object(Config\Cache), false)
 5 FCPATH\index.php(67): CodeIgniter\CodeIgniter->run()
CRITICAL - 2023-10-14 19:36:38 --> Class "phpMQTT" not found
in APPPATH\Models\MqttModel.php on line 15.
 1 APPPATH\Controllers\Mqtt.php(12): App\Models\MqttModel->__construct()
 2 SYSTEMPATH\CodeIgniter.php(932): App\Controllers\Mqtt->sendMessage()
 3 SYSTEMPATH\CodeIgniter.php(497): CodeIgniter\CodeIgniter->runController(Object(App\Controllers\Mqtt))
 4 SYSTEMPATH\CodeIgniter.php(366): CodeIgniter\CodeIgniter->handleRequest(null, Object(Config\Cache), false)
 5 FCPATH\index.php(67): CodeIgniter\CodeIgniter->run()
CRITICAL - 2023-10-14 19:41:13 --> Class "phpMQTT" not found
in APPPATH\Models\MqttModel.php on line 15.
 1 APPPATH\Controllers\Mqtt.php(12): App\Models\MqttModel->__construct()
 2 SYSTEMPATH\CodeIgniter.php(932): App\Controllers\Mqtt->sendMessage()
 3 SYSTEMPATH\CodeIgniter.php(497): CodeIgniter\CodeIgniter->runController(Object(App\Controllers\Mqtt))
 4 SYSTEMPATH\CodeIgniter.php(366): CodeIgniter\CodeIgniter->handleRequest(null, Object(Config\Cache), false)
 5 FCPATH\index.php(67): CodeIgniter\CodeIgniter->run()
CRITICAL - 2023-10-14 19:41:15 --> Class "phpMQTT" not found
in APPPATH\Models\MqttModel.php on line 15.
 1 APPPATH\Controllers\Mqtt.php(12): App\Models\MqttModel->__construct()
 2 SYSTEMPATH\CodeIgniter.php(932): App\Controllers\Mqtt->sendMessage()
 3 SYSTEMPATH\CodeIgniter.php(497): CodeIgniter\CodeIgniter->runController(Object(App\Controllers\Mqtt))
 4 SYSTEMPATH\CodeIgniter.php(366): CodeIgniter\CodeIgniter->handleRequest(null, Object(Config\Cache), false)
 5 FCPATH\index.php(67): CodeIgniter\CodeIgniter->run()
CRITICAL - 2023-10-14 19:53:03 --> Attempt to read property "host" on null
in APPPATH\Models\MqttModel.php on line 15.
 1 APPPATH\Models\MqttModel.php(15): CodeIgniter\Debug\Exceptions->errorHandler(2, 'Attempt to read property "host" on null', 'C:\\laragon\\www\\sistem\\app\\Models\\MqttModel.php', 15)
 2 APPPATH\Controllers\Mqtt.php(12): App\Models\MqttModel->__construct()
 3 SYSTEMPATH\CodeIgniter.php(932): App\Controllers\Mqtt->sendMessage()
 4 SYSTEMPATH\CodeIgniter.php(497): CodeIgniter\CodeIgniter->runController(Object(App\Controllers\Mqtt))
 5 SYSTEMPATH\CodeIgniter.php(366): CodeIgniter\CodeIgniter->handleRequest(null, Object(Config\Cache), false)
 6 FCPATH\index.php(67): CodeIgniter\CodeIgniter->run()
CRITICAL - 2023-10-14 19:53:51 --> Attempt to read property "host" on null
in APPPATH\Models\MqttModel.php on line 15.
 1 APPPATH\Models\MqttModel.php(15): CodeIgniter\Debug\Exceptions->errorHandler(2, 'Attempt to read property "host" on null', 'C:\\laragon\\www\\sistem\\app\\Models\\MqttModel.php', 15)
 2 APPPATH\Controllers\Mqtt.php(12): App\Models\MqttModel->__construct()
 3 SYSTEMPATH\CodeIgniter.php(932): App\Controllers\Mqtt->sendMessage()
 4 SYSTEMPATH\CodeIgniter.php(497): CodeIgniter\CodeIgniter->runController(Object(App\Controllers\Mqtt))
 5 SYSTEMPATH\CodeIgniter.php(366): CodeIgniter\CodeIgniter->handleRequest(null, Object(Config\Cache), false)
 6 FCPATH\index.php(67): CodeIgniter\CodeIgniter->run()
CRITICAL - 2023-10-14 19:53:53 --> Attempt to read property "host" on null
in APPPATH\Models\MqttModel.php on line 15.
 1 APPPATH\Models\MqttModel.php(15): CodeIgniter\Debug\Exceptions->errorHandler(2, 'Attempt to read property "host" on null', 'C:\\laragon\\www\\sistem\\app\\Models\\MqttModel.php', 15)
 2 APPPATH\Controllers\Mqtt.php(12): App\Models\MqttModel->__construct()
 3 SYSTEMPATH\CodeIgniter.php(932): App\Controllers\Mqtt->sendMessage()
 4 SYSTEMPATH\CodeIgniter.php(497): CodeIgniter\CodeIgniter->runController(Object(App\Controllers\Mqtt))
 5 SYSTEMPATH\CodeIgniter.php(366): CodeIgniter\CodeIgniter->handleRequest(null, Object(Config\Cache), false)
 6 FCPATH\index.php(67): CodeIgniter\CodeIgniter->run()
CRITICAL - 2023-10-14 19:53:55 --> Attempt to read property "host" on null
in APPPATH\Models\MqttModel.php on line 15.
 1 APPPATH\Models\MqttModel.php(15): CodeIgniter\Debug\Exceptions->errorHandler(2, 'Attempt to read property "host" on null', 'C:\\laragon\\www\\sistem\\app\\Models\\MqttModel.php', 15)
 2 APPPATH\Controllers\Mqtt.php(12): App\Models\MqttModel->__construct()
 3 SYSTEMPATH\CodeIgniter.php(932): App\Controllers\Mqtt->sendMessage()
 4 SYSTEMPATH\CodeIgniter.php(497): CodeIgniter\CodeIgniter->runController(Object(App\Controllers\Mqtt))
 5 SYSTEMPATH\CodeIgniter.php(366): CodeIgniter\CodeIgniter->handleRequest(null, Object(Config\Cache), false)
 6 FCPATH\index.php(67): CodeIgniter\CodeIgniter->run()
CRITICAL - 2023-10-14 19:53:57 --> Attempt to read property "host" on null
in APPPATH\Models\MqttModel.php on line 15.
 1 APPPATH\Models\MqttModel.php(15): CodeIgniter\Debug\Exceptions->errorHandler(2, 'Attempt to read property "host" on null', 'C:\\laragon\\www\\sistem\\app\\Models\\MqttModel.php', 15)
 2 APPPATH\Controllers\Mqtt.php(12): App\Models\MqttModel->__construct()
 3 SYSTEMPATH\CodeIgniter.php(932): App\Controllers\Mqtt->sendMessage()
 4 SYSTEMPATH\CodeIgniter.php(497): CodeIgniter\CodeIgniter->runController(Object(App\Controllers\Mqtt))
 5 SYSTEMPATH\CodeIgniter.php(366): CodeIgniter\CodeIgniter->handleRequest(null, Object(Config\Cache), false)
 6 FCPATH\index.php(67): CodeIgniter\CodeIgniter->run()
CRITICAL - 2023-10-14 19:53:59 --> Attempt to read property "host" on null
in APPPATH\Models\MqttModel.php on line 15.
 1 APPPATH\Models\MqttModel.php(15): CodeIgniter\Debug\Exceptions->errorHandler(2, 'Attempt to read property "host" on null', 'C:\\laragon\\www\\sistem\\app\\Models\\MqttModel.php', 15)
 2 APPPATH\Controllers\Mqtt.php(12): App\Models\MqttModel->__construct()
 3 SYSTEMPATH\CodeIgniter.php(932): App\Controllers\Mqtt->sendMessage()
 4 SYSTEMPATH\CodeIgniter.php(497): CodeIgniter\CodeIgniter->runController(Object(App\Controllers\Mqtt))
 5 SYSTEMPATH\CodeIgniter.php(366): CodeIgniter\CodeIgniter->handleRequest(null, Object(Config\Cache), false)
 6 FCPATH\index.php(67): CodeIgniter\CodeIgniter->run()
CRITICAL - 2023-10-14 19:55:13 --> Attempt to read property "host" on null
in APPPATH\Models\MqttModel.php on line 15.
 1 APPPATH\Models\MqttModel.php(15): CodeIgniter\Debug\Exceptions->errorHandler(2, 'Attempt to read property "host" on null', 'C:\\laragon\\www\\sistem\\app\\Models\\MqttModel.php', 15)
 2 APPPATH\Controllers\Mqtt.php(12): App\Models\MqttModel->__construct()
 3 SYSTEMPATH\CodeIgniter.php(932): App\Controllers\Mqtt->sendMessage()
 4 SYSTEMPATH\CodeIgniter.php(497): CodeIgniter\CodeIgniter->runController(Object(App\Controllers\Mqtt))
 5 SYSTEMPATH\CodeIgniter.php(366): CodeIgniter\CodeIgniter->handleRequest(null, Object(Config\Cache), false)
 6 FCPATH\index.php(67): CodeIgniter\CodeIgniter->run()
CRITICAL - 2023-10-14 19:55:15 --> Attempt to read property "host" on null
in APPPATH\Models\MqttModel.php on line 15.
 1 APPPATH\Models\MqttModel.php(15): CodeIgniter\Debug\Exceptions->errorHandler(2, 'Attempt to read property "host" on null', 'C:\\laragon\\www\\sistem\\app\\Models\\MqttModel.php', 15)
 2 APPPATH\Controllers\Mqtt.php(12): App\Models\MqttModel->__construct()
 3 SYSTEMPATH\CodeIgniter.php(932): App\Controllers\Mqtt->sendMessage()
 4 SYSTEMPATH\CodeIgniter.php(497): CodeIgniter\CodeIgniter->runController(Object(App\Controllers\Mqtt))
 5 SYSTEMPATH\CodeIgniter.php(366): CodeIgniter\CodeIgniter->handleRequest(null, Object(Config\Cache), false)
 6 FCPATH\index.php(67): CodeIgniter\CodeIgniter->run()
INFO - 2023-10-14 20:00:36 --> Session: Class initialized using 'CodeIgniter\Session\Handlers\FileHandler' driver.
INFO - 2023-10-14 20:00:36 --> Session: Class initialized using 'CodeIgniter\Session\Handlers\FileHandler' driver.
CRITICAL - 2023-10-14 20:17:36 --> view(): Argument #2 ($data) must be of type array, string given, called in C:\laragon\www\sistem\app\Controllers\Mqtt.php on line 19
in SYSTEMPATH\Common.php on line 1164.
 1 APPPATH\Controllers\Mqtt.php(19): view('data/Mqtt', 'phpmqtt', '50')
 2 [internal function]: App\Controllers\Mqtt->App\Controllers\{closure}('phpmqtt', '50')
 3 VENDORPATH\bluerhinos\phpmqtt\phpMQTT.php(484): call_user_func(Object(Closure), 'phpmqtt', '50')
 4 VENDORPATH\bluerhinos\phpmqtt\phpMQTT.php(549): Bluerhinos\phpMQTT->message('50')
 5 APPPATH\Models\MqttModel.php(31): Bluerhinos\phpMQTT->proc()
 6 APPPATH\Controllers\Mqtt.php(23): App\Models\MqttModel->loop()
 7 SYSTEMPATH\CodeIgniter.php(932): App\Controllers\Mqtt->sendMessage()
 8 SYSTEMPATH\CodeIgniter.php(497): CodeIgniter\CodeIgniter->runController(Object(App\Controllers\Mqtt))
 9 SYSTEMPATH\CodeIgniter.php(366): CodeIgniter\CodeIgniter->handleRequest(null, Object(Config\Cache), false)
10 FCPATH\index.php(67): CodeIgniter\CodeIgniter->run()
INFO - 2023-10-14 20:17:45 --> Session: Class initialized using 'CodeIgniter\Session\Handlers\FileHandler' driver.
INFO - 2023-10-14 20:17:45 --> Session: Class initialized using 'CodeIgniter\Session\Handlers\FileHandler' driver.
CRITICAL - 2023-10-14 20:18:06 --> view(): Argument #2 ($data) must be of type array, string given, called in C:\laragon\www\sistem\app\Controllers\Mqtt.php on line 19
in SYSTEMPATH\Common.php on line 1164.
 1 APPPATH\Controllers\Mqtt.php(19): view('data/Mqtt', 'phpmqtt', '50')
 2 [internal function]: App\Controllers\Mqtt->App\Controllers\{closure}('phpmqtt', '50')
 3 VENDORPATH\bluerhinos\phpmqtt\phpMQTT.php(484): call_user_func(Object(Closure), 'phpmqtt', '50')
 4 VENDORPATH\bluerhinos\phpmqtt\phpMQTT.php(549): Bluerhinos\phpMQTT->message('50')
 5 APPPATH\Models\MqttModel.php(31): Bluerhinos\phpMQTT->proc()
 6 APPPATH\Controllers\Mqtt.php(23): App\Models\MqttModel->loop()
 7 SYSTEMPATH\CodeIgniter.php(932): App\Controllers\Mqtt->sendMessage()
 8 SYSTEMPATH\CodeIgniter.php(497): CodeIgniter\CodeIgniter->runController(Object(App\Controllers\Mqtt))
 9 SYSTEMPATH\CodeIgniter.php(366): CodeIgniter\CodeIgniter->handleRequest(null, Object(Config\Cache), false)
10 FCPATH\index.php(67): CodeIgniter\CodeIgniter->run()
CRITICAL - 2023-10-14 20:23:20 --> fwrite(): Send of 2 bytes failed with errno=10054 An existing connection was forcibly closed by the remote host
in VENDORPATH\bluerhinos\phpmqtt\phpMQTT.php on line 357.
 1 [internal function]: CodeIgniter\Debug\Exceptions->errorHandler(8, 'fwrite(): Send of 2 bytes failed with errno=10054 An existing connection was forcibly closed by the remote host', 'C:\\laragon\\www\\sistem\\vendor\\bluerhinos\\phpmqtt\\phpMQTT.php', 357)
 2 VENDORPATH\bluerhinos\phpmqtt\phpMQTT.php(357): fwrite(resource (stream), 'À' . "\0" . '', 2)
 3 VENDORPATH\bluerhinos\phpmqtt\phpMQTT.php(560): Bluerhinos\phpMQTT->ping()
 4 APPPATH\Models\MqttModel.php(31): Bluerhinos\phpMQTT->proc()
 5 APPPATH\Controllers\Mqtt.php(23): App\Models\MqttModel->loop()
 6 SYSTEMPATH\CodeIgniter.php(932): App\Controllers\Mqtt->sendMessage()
 7 SYSTEMPATH\CodeIgniter.php(497): CodeIgniter\CodeIgniter->runController(Object(App\Controllers\Mqtt))
 8 SYSTEMPATH\CodeIgniter.php(366): CodeIgniter\CodeIgniter->handleRequest(null, Object(Config\Cache), false)
 9 FCPATH\index.php(67): CodeIgniter\CodeIgniter->run()
CRITICAL - 2023-10-14 20:23:31 --> Undefined variable $topic
in APPPATH\Views\data\Mqtt.php on line 1.
 1 APPPATH\Views\data\Mqtt.php(1): CodeIgniter\Debug\Exceptions->errorHandler(2, 'Undefined variable $topic', 'C:\\laragon\\www\\sistem\\app\\Views\\data\\Mqtt.php', 1)
 2 SYSTEMPATH\View\View.php(224): include('C:\\laragon\\www\\sistem\\app\\Views\\data\\Mqtt.php')
 3 SYSTEMPATH\View\View.php(227): CodeIgniter\View\View->CodeIgniter\View\{closure}()
 4 SYSTEMPATH\Common.php(1176): CodeIgniter\View\View->render('data/Mqtt', [], true)
 5 APPPATH\Controllers\Mqtt.php(23): view('data/Mqtt', [...])
 6 [internal function]: App\Controllers\Mqtt->App\Controllers\{closure}('phpmqtt', '50')
 7 VENDORPATH\bluerhinos\phpmqtt\phpMQTT.php(484): call_user_func(Object(Closure), 'phpmqtt', '50')
 8 VENDORPATH\bluerhinos\phpmqtt\phpMQTT.php(549): Bluerhinos\phpMQTT->message('50')
 9 APPPATH\Models\MqttModel.php(31): Bluerhinos\phpMQTT->proc()
10 APPPATH\Controllers\Mqtt.php(27): App\Models\MqttModel->loop()
11 SYSTEMPATH\CodeIgniter.php(932): App\Controllers\Mqtt->sendMessage()
12 SYSTEMPATH\CodeIgniter.php(497): CodeIgniter\CodeIgniter->runController(Object(App\Controllers\Mqtt))
13 SYSTEMPATH\CodeIgniter.php(366): CodeIgniter\CodeIgniter->handleRequest(null, Object(Config\Cache), false)
14 FCPATH\index.php(67): CodeIgniter\CodeIgniter->run()
CRITICAL - 2023-10-14 20:23:49 --> Undefined variable $topic
in APPPATH\Views\data\Mqtt.php on line 1.
 1 APPPATH\Views\data\Mqtt.php(1): CodeIgniter\Debug\Exceptions->errorHandler(2, 'Undefined variable $topic', 'C:\\laragon\\www\\sistem\\app\\Views\\data\\Mqtt.php', 1)
 2 SYSTEMPATH\View\View.php(224): include('C:\\laragon\\www\\sistem\\app\\Views\\data\\Mqtt.php')
 3 SYSTEMPATH\View\View.php(227): CodeIgniter\View\View->CodeIgniter\View\{closure}()
 4 SYSTEMPATH\Common.php(1176): CodeIgniter\View\View->render('data/Mqtt', [], true)
 5 APPPATH\Controllers\Mqtt.php(23): view('data/Mqtt', [...])
 6 [internal function]: App\Controllers\Mqtt->App\Controllers\{closure}('phpmqtt', '50')
 7 VENDORPATH\bluerhinos\phpmqtt\phpMQTT.php(484): call_user_func(Object(Closure), 'phpmqtt', '50')
 8 VENDORPATH\bluerhinos\phpmqtt\phpMQTT.php(549): Bluerhinos\phpMQTT->message('50')
 9 APPPATH\Models\MqttModel.php(31): Bluerhinos\phpMQTT->proc()
10 APPPATH\Controllers\Mqtt.php(27): App\Models\MqttModel->loop()
11 SYSTEMPATH\CodeIgniter.php(932): App\Controllers\Mqtt->sendMessage()
12 SYSTEMPATH\CodeIgniter.php(497): CodeIgniter\CodeIgniter->runController(Object(App\Controllers\Mqtt))
13 SYSTEMPATH\CodeIgniter.php(366): CodeIgniter\CodeIgniter->handleRequest(null, Object(Config\Cache), false)
14 FCPATH\index.php(67): CodeIgniter\CodeIgniter->run()
INFO - 2023-10-14 20:30:48 --> Session: Class initialized using 'CodeIgniter\Session\Handlers\FileHandler' driver.
INFO - 2023-10-14 20:30:49 --> Session: Class initialized using 'CodeIgniter\Session\Handlers\FileHandler' driver.
CRITICAL - 2023-10-14 20:40:55 --> fwrite(): Send of 2 bytes failed with errno=10054 An existing connection was forcibly closed by the remote host
in VENDORPATH\bluerhinos\phpmqtt\phpMQTT.php on line 357.
 1 [internal function]: CodeIgniter\Debug\Exceptions->errorHandler(8, 'fwrite(): Send of 2 bytes failed with errno=10054 An existing connection was forcibly closed by the remote host', 'C:\\laragon\\www\\sistem\\vendor\\bluerhinos\\phpmqtt\\phpMQTT.php', 357)
 2 VENDORPATH\bluerhinos\phpmqtt\phpMQTT.php(357): fwrite(resource (stream), 'À' . "\0" . '', 2)
 3 VENDORPATH\bluerhinos\phpmqtt\phpMQTT.php(560): Bluerhinos\phpMQTT->ping()
 4 APPPATH\Models\MqttModel.php(31): Bluerhinos\phpMQTT->proc()
 5 APPPATH\Controllers\Mqtt.php(27): App\Models\MqttModel->loop()
 6 SYSTEMPATH\CodeIgniter.php(932): App\Controllers\Mqtt->sendMessage()
 7 SYSTEMPATH\CodeIgniter.php(497): CodeIgniter\CodeIgniter->runController(Object(App\Controllers\Mqtt))
 8 SYSTEMPATH\CodeIgniter.php(366): CodeIgniter\CodeIgniter->handleRequest(null, Object(Config\Cache), false)
 9 FCPATH\index.php(67): CodeIgniter\CodeIgniter->run()
CRITICAL - 2023-10-14 21:00:37 --> Undefined variable $config
in APPPATH\Controllers\Mqtt.php on line 15.
 1 APPPATH\Controllers\Mqtt.php(15): CodeIgniter\Debug\Exceptions->errorHandler(2, 'Undefined variable $config', 'C:\\laragon\\www\\sistem\\app\\Controllers\\Mqtt.php', 15)
 2 SYSTEMPATH\CodeIgniter.php(904): App\Controllers\Mqtt->__construct()
 3 SYSTEMPATH\CodeIgniter.php(488): CodeIgniter\CodeIgniter->createController()
 4 SYSTEMPATH\CodeIgniter.php(366): CodeIgniter\CodeIgniter->handleRequest(null, Object(Config\Cache), false)
 5 FCPATH\index.php(67): CodeIgniter\CodeIgniter->run()
CRITICAL - 2023-10-14 21:01:01 --> Call to a member function subscribe() on null
in APPPATH\Controllers\Mqtt.php on line 27.
 1 SYSTEMPATH\CodeIgniter.php(932): App\Controllers\Mqtt->sendMessage()
 2 SYSTEMPATH\CodeIgniter.php(497): CodeIgniter\CodeIgniter->runController(Object(App\Controllers\Mqtt))
 3 SYSTEMPATH\CodeIgniter.php(366): CodeIgniter\CodeIgniter->handleRequest(null, Object(Config\Cache), false)
 4 FCPATH\index.php(67): CodeIgniter\CodeIgniter->run()
CRITICAL - 2023-10-14 21:02:58 --> Call to a member function subscribe() on null
in APPPATH\Controllers\Mqtt.php on line 20.
 1 SYSTEMPATH\CodeIgniter.php(932): App\Controllers\Mqtt->sendMessage()
 2 SYSTEMPATH\CodeIgniter.php(497): CodeIgniter\CodeIgniter->runController(Object(App\Controllers\Mqtt))
 3 SYSTEMPATH\CodeIgniter.php(366): CodeIgniter\CodeIgniter->handleRequest(null, Object(Config\Cache), false)
 4 FCPATH\index.php(67): CodeIgniter\CodeIgniter->run()
CRITICAL - 2023-10-14 21:09:38 --> Call to a member function subscribe() on null
in APPPATH\Controllers\Mqtt.php on line 29.
 1 SYSTEMPATH\CodeIgniter.php(932): App\Controllers\Mqtt->sendMessage()
 2 SYSTEMPATH\CodeIgniter.php(497): CodeIgniter\CodeIgniter->runController(Object(App\Controllers\Mqtt))
 3 SYSTEMPATH\CodeIgniter.php(366): CodeIgniter\CodeIgniter->handleRequest(null, Object(Config\Cache), false)
 4 FCPATH\index.php(67): CodeIgniter\CodeIgniter->run()
CRITICAL - 2023-10-14 21:09:45 --> Call to a member function subscribe() on null
in APPPATH\Controllers\Mqtt.php on line 29.
 1 SYSTEMPATH\CodeIgniter.php(932): App\Controllers\Mqtt->sendMessage()
 2 SYSTEMPATH\CodeIgniter.php(497): CodeIgniter\CodeIgniter->runController(Object(App\Controllers\Mqtt))
 3 SYSTEMPATH\CodeIgniter.php(366): CodeIgniter\CodeIgniter->handleRequest(null, Object(Config\Cache), false)
 4 FCPATH\index.php(67): CodeIgniter\CodeIgniter->run()
CRITICAL - 2023-10-14 21:10:42 --> Call to a member function subscribe() on null
in APPPATH\Controllers\Mqtt.php on line 20.
 1 SYSTEMPATH\CodeIgniter.php(932): App\Controllers\Mqtt->index()
 2 SYSTEMPATH\CodeIgniter.php(497): CodeIgniter\CodeIgniter->runController(Object(App\Controllers\Mqtt))
 3 SYSTEMPATH\CodeIgniter.php(366): CodeIgniter\CodeIgniter->handleRequest(null, Object(Config\Cache), false)
 4 FCPATH\index.php(67): CodeIgniter\CodeIgniter->run()
CRITICAL - 2023-10-14 21:22:35 --> stream_socket_client(): Unable to connect to tcp://test.mosquitto.org:1883 (A connection attempt failed because the connected party did not properly respond after a period of time, or established connection failed because connected host has failed to respond)
in VENDORPATH\bluerhinos\phpmqtt\phpMQTT.php on line 150.
 1 [internal function]: CodeIgniter\Debug\Exceptions->errorHandler(2, 'stream_socket_client(): Unable to connect to tcp://test.mosquitto.org:1883 (A connection attempt failed because the connected party did not properly respond after a period of time, or established connection failed because connected host has failed to respond)', 'C:\\laragon\\www\\sistem\\vendor\\bluerhinos\\phpmqtt\\phpMQTT.php', 150)
 2 VENDORPATH\bluerhinos\phpmqtt\phpMQTT.php(150): stream_socket_client('tcp://test.mosquitto.org:1883', 0, '', 60, 4)
 3 VENDORPATH\bluerhinos\phpmqtt\phpMQTT.php(113): Bluerhinos\phpMQTT->connect(false, null, null, null)
 4 VENDORPATH\bluerhinos\phpmqtt\phpMQTT.php(512): Bluerhinos\phpMQTT->connect_auto(false)
 5 APPPATH\Models\MqttModel.php(31): Bluerhinos\phpMQTT->proc()
 6 APPPATH\Controllers\Mqtt.php(28): App\Models\MqttModel->loop()
 7 SYSTEMPATH\CodeIgniter.php(932): App\Controllers\Mqtt->sendMessage()
 8 SYSTEMPATH\CodeIgniter.php(497): CodeIgniter\CodeIgniter->runController(Object(App\Controllers\Mqtt))
 9 SYSTEMPATH\CodeIgniter.php(366): CodeIgniter\CodeIgniter->handleRequest(null, Object(Config\Cache), false)
10 FCPATH\index.php(67): CodeIgniter\CodeIgniter->run()
CRITICAL - 2023-10-14 21:23:13 --> fwrite(): Send of 2 bytes failed with errno=10054 An existing connection was forcibly closed by the remote host
in VENDORPATH\bluerhinos\phpmqtt\phpMQTT.php on line 357.
 1 [internal function]: CodeIgniter\Debug\Exceptions->errorHandler(8, 'fwrite(): Send of 2 bytes failed with errno=10054 An existing connection was forcibly closed by the remote host', 'C:\\laragon\\www\\sistem\\vendor\\bluerhinos\\phpmqtt\\phpMQTT.php', 357)
 2 VENDORPATH\bluerhinos\phpmqtt\phpMQTT.php(357): fwrite(resource (stream), 'À' . "\0" . '', 2)
 3 VENDORPATH\bluerhinos\phpmqtt\phpMQTT.php(560): Bluerhinos\phpMQTT->ping()
 4 APPPATH\Models\MqttModel.php(31): Bluerhinos\phpMQTT->proc()
 5 APPPATH\Controllers\Mqtt.php(28): App\Models\MqttModel->loop()
 6 SYSTEMPATH\CodeIgniter.php(932): App\Controllers\Mqtt->sendMessage()
 7 SYSTEMPATH\CodeIgniter.php(497): CodeIgniter\CodeIgniter->runController(Object(App\Controllers\Mqtt))
 8 SYSTEMPATH\CodeIgniter.php(366): CodeIgniter\CodeIgniter->handleRequest(null, Object(Config\Cache), false)
 9 FCPATH\index.php(67): CodeIgniter\CodeIgniter->run()
CRITICAL - 2023-10-14 22:55:37 --> stream_socket_client(): Unable to connect to tcp://test.mosquitto.org:1883 (No connection could be made because the target machine actively refused it)
in VENDORPATH\bluerhinos\phpmqtt\phpMQTT.php on line 150.
 1 [internal function]: CodeIgniter\Debug\Exceptions->errorHandler(2, 'stream_socket_client(): Unable to connect to tcp://test.mosquitto.org:1883 (No connection could be made because the target machine actively refused it)', 'C:\\laragon\\www\\sistem\\vendor\\bluerhinos\\phpmqtt\\phpMQTT.php', 150)
 2 VENDORPATH\bluerhinos\phpmqtt\phpMQTT.php(150): stream_socket_client('tcp://test.mosquitto.org:1883', 0, '', 60, 4)
 3 VENDORPATH\bluerhinos\phpmqtt\phpMQTT.php(113): Bluerhinos\phpMQTT->connect(false, null, null, null)
 4 VENDORPATH\bluerhinos\phpmqtt\phpMQTT.php(512): Bluerhinos\phpMQTT->connect_auto(false)
 5 APPPATH\Controllers\Mqtt.php(29): Bluerhinos\phpMQTT->proc()
 6 SYSTEMPATH\CodeIgniter.php(932): App\Controllers\Mqtt->index()
 7 SYSTEMPATH\CodeIgniter.php(497): CodeIgniter\CodeIgniter->runController(Object(App\Controllers\Mqtt))
 8 SYSTEMPATH\CodeIgniter.php(366): CodeIgniter\CodeIgniter->handleRequest(null, Object(Config\Cache), false)
 9 FCPATH\index.php(67): CodeIgniter\CodeIgniter->run()
CRITICAL - 2023-10-14 22:55:50 --> stream_socket_client(): Unable to connect to tcp://test.mosquitto.org:1883 (A connection attempt failed because the connected party did not properly respond after a period of time, or established connection failed because connected host has failed to respond)
in VENDORPATH\bluerhinos\phpmqtt\phpMQTT.php on line 150.
 1 [internal function]: CodeIgniter\Debug\Exceptions->errorHandler(2, 'stream_socket_client(): Unable to connect to tcp://test.mosquitto.org:1883 (A connection attempt failed because the connected party did not properly respond after a period of time, or established connection failed because connected host has failed to respond)', 'C:\\laragon\\www\\sistem\\vendor\\bluerhinos\\phpmqtt\\phpMQTT.php', 150)
 2 VENDORPATH\bluerhinos\phpmqtt\phpMQTT.php(150): stream_socket_client('tcp://test.mosquitto.org:1883', 0, '', 60, 4)
 3 VENDORPATH\bluerhinos\phpmqtt\phpMQTT.php(113): Bluerhinos\phpMQTT->connect(false, null, null, null)
 4 VENDORPATH\bluerhinos\phpmqtt\phpMQTT.php(512): Bluerhinos\phpMQTT->connect_auto(false)
 5 APPPATH\Controllers\Mqtt.php(44): Bluerhinos\phpMQTT->proc()
 6 SYSTEMPATH\CodeIgniter.php(932): App\Controllers\Mqtt->index()
 7 SYSTEMPATH\CodeIgniter.php(497): CodeIgniter\CodeIgniter->runController(Object(App\Controllers\Mqtt))
 8 SYSTEMPATH\CodeIgniter.php(366): CodeIgniter\CodeIgniter->handleRequest(null, Object(Config\Cache), false)
 9 FCPATH\index.php(67): CodeIgniter\CodeIgniter->run()
CRITICAL - 2023-10-14 22:56:04 --> stream_socket_client(): Unable to connect to tcp://test.mosquitto.org:1883 (No connection could be made because the target machine actively refused it)
in VENDORPATH\bluerhinos\phpmqtt\phpMQTT.php on line 150.
 1 [internal function]: CodeIgniter\Debug\Exceptions->errorHandler(2, 'stream_socket_client(): Unable to connect to tcp://test.mosquitto.org:1883 (No connection could be made because the target machine actively refused it)', 'C:\\laragon\\www\\sistem\\vendor\\bluerhinos\\phpmqtt\\phpMQTT.php', 150)
 2 VENDORPATH\bluerhinos\phpmqtt\phpMQTT.php(150): stream_socket_client('tcp://test.mosquitto.org:1883', 0, '', 60, 4)
 3 VENDORPATH\bluerhinos\phpmqtt\phpMQTT.php(113): Bluerhinos\phpMQTT->connect(false, null, null, null)
 4 VENDORPATH\bluerhinos\phpmqtt\phpMQTT.php(512): Bluerhinos\phpMQTT->connect_auto(false)
 5 APPPATH\Controllers\Mqtt.php(29): Bluerhinos\phpMQTT->proc()
 6 SYSTEMPATH\CodeIgniter.php(932): App\Controllers\Mqtt->index()
 7 SYSTEMPATH\CodeIgniter.php(497): CodeIgniter\CodeIgniter->runController(Object(App\Controllers\Mqtt))
 8 SYSTEMPATH\CodeIgniter.php(366): CodeIgniter\CodeIgniter->handleRequest(null, Object(Config\Cache), false)
 9 FCPATH\index.php(67): CodeIgniter\CodeIgniter->run()
CRITICAL - 2023-10-14 22:56:17 --> stream_socket_client(): Unable to connect to tcp://test.mosquitto.org:1883 (No connection could be made because the target machine actively refused it)
in VENDORPATH\bluerhinos\phpmqtt\phpMQTT.php on line 150.
 1 [internal function]: CodeIgniter\Debug\Exceptions->errorHandler(2, 'stream_socket_client(): Unable to connect to tcp://test.mosquitto.org:1883 (No connection could be made because the target machine actively refused it)', 'C:\\laragon\\www\\sistem\\vendor\\bluerhinos\\phpmqtt\\phpMQTT.php', 150)
 2 VENDORPATH\bluerhinos\phpmqtt\phpMQTT.php(150): stream_socket_client('tcp://test.mosquitto.org:1883', 0, '', 60, 4)
 3 VENDORPATH\bluerhinos\phpmqtt\phpMQTT.php(113): Bluerhinos\phpMQTT->connect(false, null, null, null)
 4 VENDORPATH\bluerhinos\phpmqtt\phpMQTT.php(512): Bluerhinos\phpMQTT->connect_auto(false)
 5 APPPATH\Controllers\Mqtt.php(29): Bluerhinos\phpMQTT->proc()
 6 SYSTEMPATH\CodeIgniter.php(932): App\Controllers\Mqtt->index()
 7 SYSTEMPATH\CodeIgniter.php(497): CodeIgniter\CodeIgniter->runController(Object(App\Controllers\Mqtt))
 8 SYSTEMPATH\CodeIgniter.php(366): CodeIgniter\CodeIgniter->handleRequest(null, Object(Config\Cache), false)
 9 FCPATH\index.php(67): CodeIgniter\CodeIgniter->run()
CRITICAL - 2023-10-14 22:56:29 --> stream_socket_client(): Unable to connect to tcp://test.mosquitto.org:1883 (A connection attempt failed because the connected party did not properly respond after a period of time, or established connection failed because connected host has failed to respond)
in VENDORPATH\bluerhinos\phpmqtt\phpMQTT.php on line 150.
 1 [internal function]: CodeIgniter\Debug\Exceptions->errorHandler(2, 'stream_socket_client(): Unable to connect to tcp://test.mosquitto.org:1883 (A connection attempt failed because the connected party did not properly respond after a period of time, or established connection failed because connected host has failed to respond)', 'C:\\laragon\\www\\sistem\\vendor\\bluerhinos\\phpmqtt\\phpMQTT.php', 150)
 2 VENDORPATH\bluerhinos\phpmqtt\phpMQTT.php(150): stream_socket_client('tcp://test.mosquitto.org:1883', 0, '', 60, 4)
 3 VENDORPATH\bluerhinos\phpmqtt\phpMQTT.php(113): Bluerhinos\phpMQTT->connect(false, null, null, null)
 4 VENDORPATH\bluerhinos\phpmqtt\phpMQTT.php(512): Bluerhinos\phpMQTT->connect_auto(false)
 5 APPPATH\Controllers\Mqtt.php(44): Bluerhinos\phpMQTT->proc()
 6 SYSTEMPATH\CodeIgniter.php(932): App\Controllers\Mqtt->index()
 7 SYSTEMPATH\CodeIgniter.php(497): CodeIgniter\CodeIgniter->runController(Object(App\Controllers\Mqtt))
 8 SYSTEMPATH\CodeIgniter.php(366): CodeIgniter\CodeIgniter->handleRequest(null, Object(Config\Cache), false)
 9 FCPATH\index.php(67): CodeIgniter\CodeIgniter->run()
CRITICAL - 2023-10-14 23:05:24 --> stream_socket_client(): Unable to connect to tcp://test.mosquitto.org:1883 (No connection could be made because the target machine actively refused it)
in VENDORPATH\bluerhinos\phpmqtt\phpMQTT.php on line 150.
 1 [internal function]: CodeIgniter\Debug\Exceptions->errorHandler(2, 'stream_socket_client(): Unable to connect to tcp://test.mosquitto.org:1883 (No connection could be made because the target machine actively refused it)', 'C:\\laragon\\www\\sistem\\vendor\\bluerhinos\\phpmqtt\\phpMQTT.php', 150)
 2 VENDORPATH\bluerhinos\phpmqtt\phpMQTT.php(150): stream_socket_client('tcp://test.mosquitto.org:1883', 0, '', 60, 4)
 3 VENDORPATH\bluerhinos\phpmqtt\phpMQTT.php(113): Bluerhinos\phpMQTT->connect(false, null, null, null)
 4 VENDORPATH\bluerhinos\phpmqtt\phpMQTT.php(512): Bluerhinos\phpMQTT->connect_auto(false)
 5 APPPATH\Controllers\Mqtt.php(29): Bluerhinos\phpMQTT->proc()
 6 SYSTEMPATH\CodeIgniter.php(932): App\Controllers\Mqtt->index()
 7 SYSTEMPATH\CodeIgniter.php(497): CodeIgniter\CodeIgniter->runController(Object(App\Controllers\Mqtt))
 8 SYSTEMPATH\CodeIgniter.php(366): CodeIgniter\CodeIgniter->handleRequest(null, Object(Config\Cache), false)
 9 FCPATH\index.php(67): CodeIgniter\CodeIgniter->run()
CRITICAL - 2023-10-14 23:13:47 --> stream_socket_client(): Unable to connect to tcp://test.mosquitto.org:1883 (No connection could be made because the target machine actively refused it)
in VENDORPATH\bluerhinos\phpmqtt\phpMQTT.php on line 150.
 1 [internal function]: CodeIgniter\Debug\Exceptions->errorHandler(2, 'stream_socket_client(): Unable to connect to tcp://test.mosquitto.org:1883 (No connection could be made because the target machine actively refused it)', 'C:\\laragon\\www\\sistem\\vendor\\bluerhinos\\phpmqtt\\phpMQTT.php', 150)
 2 VENDORPATH\bluerhinos\phpmqtt\phpMQTT.php(150): stream_socket_client('tcp://test.mosquitto.org:1883', 0, '', 60, 4)
 3 VENDORPATH\bluerhinos\phpmqtt\phpMQTT.php(113): Bluerhinos\phpMQTT->connect(false, null, null, null)
 4 VENDORPATH\bluerhinos\phpmqtt\phpMQTT.php(512): Bluerhinos\phpMQTT->connect_auto(false)
 5 APPPATH\Controllers\Mqtt.php(44): Bluerhinos\phpMQTT->proc()
 6 SYSTEMPATH\CodeIgniter.php(932): App\Controllers\Mqtt->index()
 7 SYSTEMPATH\CodeIgniter.php(497): CodeIgniter\CodeIgniter->runController(Object(App\Controllers\Mqtt))
 8 SYSTEMPATH\CodeIgniter.php(366): CodeIgniter\CodeIgniter->handleRequest(null, Object(Config\Cache), false)
 9 FCPATH\index.php(67): CodeIgniter\CodeIgniter->run()
CRITICAL - 2023-10-14 23:16:07 --> stream_socket_client(): Unable to connect to tcp://test.mosquitto.org:1883 (No connection could be made because the target machine actively refused it)
in VENDORPATH\bluerhinos\phpmqtt\phpMQTT.php on line 150.
 1 [internal function]: CodeIgniter\Debug\Exceptions->errorHandler(2, 'stream_socket_client(): Unable to connect to tcp://test.mosquitto.org:1883 (No connection could be made because the target machine actively refused it)', 'C:\\laragon\\www\\sistem\\vendor\\bluerhinos\\phpmqtt\\phpMQTT.php', 150)
 2 VENDORPATH\bluerhinos\phpmqtt\phpMQTT.php(150): stream_socket_client('tcp://test.mosquitto.org:1883', 0, '', 60, 4)
 3 VENDORPATH\bluerhinos\phpmqtt\phpMQTT.php(113): Bluerhinos\phpMQTT->connect(false, null, null, null)
 4 VENDORPATH\bluerhinos\phpmqtt\phpMQTT.php(512): Bluerhinos\phpMQTT->connect_auto(false)
 5 APPPATH\Controllers\Mqtt.php(44): Bluerhinos\phpMQTT->proc()
 6 SYSTEMPATH\CodeIgniter.php(932): App\Controllers\Mqtt->index()
 7 SYSTEMPATH\CodeIgniter.php(497): CodeIgniter\CodeIgniter->runController(Object(App\Controllers\Mqtt))
 8 SYSTEMPATH\CodeIgniter.php(366): CodeIgniter\CodeIgniter->handleRequest(null, Object(Config\Cache), false)
 9 FCPATH\index.php(67): CodeIgniter\CodeIgniter->run()
CRITICAL - 2023-10-14 23:16:22 --> stream_socket_client(): Unable to connect to tcp://test.mosquitto.org:1883 (No connection could be made because the target machine actively refused it)
in VENDORPATH\bluerhinos\phpmqtt\phpMQTT.php on line 150.
 1 [internal function]: CodeIgniter\Debug\Exceptions->errorHandler(2, 'stream_socket_client(): Unable to connect to tcp://test.mosquitto.org:1883 (No connection could be made because the target machine actively refused it)', 'C:\\laragon\\www\\sistem\\vendor\\bluerhinos\\phpmqtt\\phpMQTT.php', 150)
 2 VENDORPATH\bluerhinos\phpmqtt\phpMQTT.php(150): stream_socket_client('tcp://test.mosquitto.org:1883', 0, '', 60, 4)
 3 VENDORPATH\bluerhinos\phpmqtt\phpMQTT.php(113): Bluerhinos\phpMQTT->connect(false, null, null, null)
 4 VENDORPATH\bluerhinos\phpmqtt\phpMQTT.php(512): Bluerhinos\phpMQTT->connect_auto(false)
 5 APPPATH\Controllers\Mqtt.php(44): Bluerhinos\phpMQTT->proc()
 6 SYSTEMPATH\CodeIgniter.php(932): App\Controllers\Mqtt->index()
 7 SYSTEMPATH\CodeIgniter.php(497): CodeIgniter\CodeIgniter->runController(Object(App\Controllers\Mqtt))
 8 SYSTEMPATH\CodeIgniter.php(366): CodeIgniter\CodeIgniter->handleRequest(null, Object(Config\Cache), false)
 9 FCPATH\index.php(67): CodeIgniter\CodeIgniter->run()
CRITICAL - 2023-10-14 23:16:33 --> stream_socket_client(): Unable to connect to tcp://test.mosquitto.org:1883 (No connection could be made because the target machine actively refused it)
in VENDORPATH\bluerhinos\phpmqtt\phpMQTT.php on line 150.
 1 [internal function]: CodeIgniter\Debug\Exceptions->errorHandler(2, 'stream_socket_client(): Unable to connect to tcp://test.mosquitto.org:1883 (No connection could be made because the target machine actively refused it)', 'C:\\laragon\\www\\sistem\\vendor\\bluerhinos\\phpmqtt\\phpMQTT.php', 150)
 2 VENDORPATH\bluerhinos\phpmqtt\phpMQTT.php(150): stream_socket_client('tcp://test.mosquitto.org:1883', 0, '', 60, 4)
 3 VENDORPATH\bluerhinos\phpmqtt\phpMQTT.php(113): Bluerhinos\phpMQTT->connect(false, null, null, null)
 4 VENDORPATH\bluerhinos\phpmqtt\phpMQTT.php(512): Bluerhinos\phpMQTT->connect_auto(false)
 5 APPPATH\Controllers\Mqtt.php(44): Bluerhinos\phpMQTT->proc()
 6 SYSTEMPATH\CodeIgniter.php(932): App\Controllers\Mqtt->index()
 7 SYSTEMPATH\CodeIgniter.php(497): CodeIgniter\CodeIgniter->runController(Object(App\Controllers\Mqtt))
 8 SYSTEMPATH\CodeIgniter.php(366): CodeIgniter\CodeIgniter->handleRequest(null, Object(Config\Cache), false)
 9 FCPATH\index.php(67): CodeIgniter\CodeIgniter->run()
