CRITICAL - 2023-10-15 14:25:48 --> stream_socket_client(): Unable to connect to tcp://test.mosquitto.org:1883 (No connection could be made because the target machine actively refused it)
in VENDORPATH\bluerhinos\phpmqtt\phpMQTT.php on line 150.
 1 [internal function]: CodeIgniter\Debug\Exceptions->errorHandler(2, 'stream_socket_client(): Unable to connect to tcp://test.mosquitto.org:1883 (No connection could be made because the target machine actively refused it)', 'C:\\laragon\\www\\sistem\\vendor\\bluerhinos\\phpmqtt\\phpMQTT.php', 150)
 2 VENDORPATH\bluerhinos\phpmqtt\phpMQTT.php(150): stream_socket_client('tcp://test.mosquitto.org:1883', 0, '', 60, 4)
 3 VENDORPATH\bluerhinos\phpmqtt\phpMQTT.php(113): Bluerhinos\phpMQTT->connect(false, null, null, null)
 4 VENDORPATH\bluerhinos\phpmqtt\phpMQTT.php(512): Bluerhinos\phpMQTT->connect_auto(false)
 5 APPPATH\Controllers\Mqtt.php(43): Bluerhinos\phpMQTT->proc()
 6 SYSTEMPATH\CodeIgniter.php(932): App\Controllers\Mqtt->index()
 7 SYSTEMPATH\CodeIgniter.php(497): CodeIgniter\CodeIgniter->runController(Object(App\Controllers\Mqtt))
 8 SYSTEMPATH\CodeIgniter.php(366): CodeIgniter\CodeIgniter->handleRequest(null, Object(Config\Cache), false)
 9 FCPATH\index.php(67): CodeIgniter\CodeIgniter->run()
CRITICAL - 2023-10-15 14:29:27 --> stream_socket_client(): Unable to connect to tcp://test.mosquitto.org:1883 (No connection could be made because the target machine actively refused it)
in VENDORPATH\bluerhinos\phpmqtt\phpMQTT.php on line 150.
 1 [internal function]: CodeIgniter\Debug\Exceptions->errorHandler(2, 'stream_socket_client(): Unable to connect to tcp://test.mosquitto.org:1883 (No connection could be made because the target machine actively refused it)', 'C:\\laragon\\www\\sistem\\vendor\\bluerhinos\\phpmqtt\\phpMQTT.php', 150)
 2 VENDORPATH\bluerhinos\phpmqtt\phpMQTT.php(150): stream_socket_client('tcp://test.mosquitto.org:1883', 0, '', 60, 4)
 3 VENDORPATH\bluerhinos\phpmqtt\phpMQTT.php(113): Bluerhinos\phpMQTT->connect(false, null, null, null)
 4 VENDORPATH\bluerhinos\phpmqtt\phpMQTT.php(512): Bluerhinos\phpMQTT->connect_auto(false)
 5 APPPATH\Controllers\Mqtt.php(44): Bluerhinos\phpMQTT->proc()
 6 SYSTEMPATH\CodeIgniter.php(932): App\Controllers\Mqtt->index()
 7 SYSTEMPATH\CodeIgniter.php(497): CodeIgniter\CodeIgniter->runController(Object(App\Controllers\Mqtt))
 8 SYSTEMPATH\CodeIgniter.php(366): CodeIgniter\CodeIgniter->handleRequest(null, Object(Config\Cache), false)
 9 FCPATH\index.php(67): CodeIgniter\CodeIgniter->run()
CRITICAL - 2023-10-15 14:29:45 --> stream_socket_client(): Unable to connect to tcp://test.mosquitto.org:1883 (No connection could be made because the target machine actively refused it)
in VENDORPATH\bluerhinos\phpmqtt\phpMQTT.php on line 150.
 1 [internal function]: CodeIgniter\Debug\Exceptions->errorHandler(2, 'stream_socket_client(): Unable to connect to tcp://test.mosquitto.org:1883 (No connection could be made because the target machine actively refused it)', 'C:\\laragon\\www\\sistem\\vendor\\bluerhinos\\phpmqtt\\phpMQTT.php', 150)
 2 VENDORPATH\bluerhinos\phpmqtt\phpMQTT.php(150): stream_socket_client('tcp://test.mosquitto.org:1883', 0, '', 60, 4)
 3 VENDORPATH\bluerhinos\phpmqtt\phpMQTT.php(113): Bluerhinos\phpMQTT->connect(false, null, null, null)
 4 VENDORPATH\bluerhinos\phpmqtt\phpMQTT.php(512): Bluerhinos\phpMQTT->connect_auto(false)
 5 APPPATH\Controllers\Mqtt.php(43): Bluerhinos\phpMQTT->proc()
 6 SYSTEMPATH\CodeIgniter.php(932): App\Controllers\Mqtt->index()
 7 SYSTEMPATH\CodeIgniter.php(497): CodeIgniter\CodeIgniter->runController(Object(App\Controllers\Mqtt))
 8 SYSTEMPATH\CodeIgniter.php(366): CodeIgniter\CodeIgniter->handleRequest(null, Object(Config\Cache), false)
 9 FCPATH\index.php(67): CodeIgniter\CodeIgniter->run()
CRITICAL - 2023-10-15 14:29:59 --> stream_socket_client(): Unable to connect to tcp://test.mosquitto.org:1883 (No connection could be made because the target machine actively refused it)
in VENDORPATH\bluerhinos\phpmqtt\phpMQTT.php on line 150.
 1 [internal function]: CodeIgniter\Debug\Exceptions->errorHandler(2, 'stream_socket_client(): Unable to connect to tcp://test.mosquitto.org:1883 (No connection could be made because the target machine actively refused it)', 'C:\\laragon\\www\\sistem\\vendor\\bluerhinos\\phpmqtt\\phpMQTT.php', 150)
 2 VENDORPATH\bluerhinos\phpmqtt\phpMQTT.php(150): stream_socket_client('tcp://test.mosquitto.org:1883', 0, '', 60, 4)
 3 VENDORPATH\bluerhinos\phpmqtt\phpMQTT.php(113): Bluerhinos\phpMQTT->connect(false, null, null, null)
 4 VENDORPATH\bluerhinos\phpmqtt\phpMQTT.php(512): Bluerhinos\phpMQTT->connect_auto(false)
 5 APPPATH\Controllers\Mqtt.php(43): Bluerhinos\phpMQTT->proc()
 6 SYSTEMPATH\CodeIgniter.php(932): App\Controllers\Mqtt->index()
 7 SYSTEMPATH\CodeIgniter.php(497): CodeIgniter\CodeIgniter->runController(Object(App\Controllers\Mqtt))
 8 SYSTEMPATH\CodeIgniter.php(366): CodeIgniter\CodeIgniter->handleRequest(null, Object(Config\Cache), false)
 9 FCPATH\index.php(67): CodeIgniter\CodeIgniter->run()
CRITICAL - 2023-10-15 14:32:35 --> Too few arguments to function App\Controllers\Mqtt::messageReceived(), 0 passed in C:\laragon\www\sistem\system\CodeIgniter.php on line 932 and exactly 2 expected
in APPPATH\Controllers\Mqtt.php on line 90.
 1 SYSTEMPATH\CodeIgniter.php(932): App\Controllers\Mqtt->messageReceived()
 2 SYSTEMPATH\CodeIgniter.php(497): CodeIgniter\CodeIgniter->runController(Object(App\Controllers\Mqtt))
 3 SYSTEMPATH\CodeIgniter.php(366): CodeIgniter\CodeIgniter->handleRequest(null, Object(Config\Cache), false)
 4 FCPATH\index.php(67): CodeIgniter\CodeIgniter->run()
CRITICAL - 2023-10-15 14:32:56 --> Too few arguments to function App\Controllers\Mqtt::messageReceived(), 0 passed in C:\laragon\www\sistem\system\CodeIgniter.php on line 932 and exactly 2 expected
in APPPATH\Controllers\Mqtt.php on line 90.
 1 SYSTEMPATH\CodeIgniter.php(932): App\Controllers\Mqtt->messageReceived()
 2 SYSTEMPATH\CodeIgniter.php(497): CodeIgniter\CodeIgniter->runController(Object(App\Controllers\Mqtt))
 3 SYSTEMPATH\CodeIgniter.php(366): CodeIgniter\CodeIgniter->handleRequest(null, Object(Config\Cache), false)
 4 FCPATH\index.php(67): CodeIgniter\CodeIgniter->run()
CRITICAL - 2023-10-15 14:35:56 --> stream_socket_client(): Unable to connect to tcp://test.mosquitto.org:1883 (No connection could be made because the target machine actively refused it)
in VENDORPATH\bluerhinos\phpmqtt\phpMQTT.php on line 150.
 1 [internal function]: CodeIgniter\Debug\Exceptions->errorHandler(2, 'stream_socket_client(): Unable to connect to tcp://test.mosquitto.org:1883 (No connection could be made because the target machine actively refused it)', 'C:\\laragon\\www\\sistem\\vendor\\bluerhinos\\phpmqtt\\phpMQTT.php', 150)
 2 VENDORPATH\bluerhinos\phpmqtt\phpMQTT.php(150): stream_socket_client('tcp://test.mosquitto.org:1883', 0, '', 60, 4)
 3 VENDORPATH\bluerhinos\phpmqtt\phpMQTT.php(113): Bluerhinos\phpMQTT->connect(false, null, null, null)
 4 VENDORPATH\bluerhinos\phpmqtt\phpMQTT.php(512): Bluerhinos\phpMQTT->connect_auto(false)
 5 APPPATH\Controllers\Mqtt.php(43): Bluerhinos\phpMQTT->proc()
 6 SYSTEMPATH\CodeIgniter.php(932): App\Controllers\Mqtt->index()
 7 SYSTEMPATH\CodeIgniter.php(497): CodeIgniter\CodeIgniter->runController(Object(App\Controllers\Mqtt))
 8 SYSTEMPATH\CodeIgniter.php(366): CodeIgniter\CodeIgniter->handleRequest(null, Object(Config\Cache), false)
 9 FCPATH\index.php(67): CodeIgniter\CodeIgniter->run()
