INFO - 2023-10-11 17:49:22 --> Session: Class initialized using 'CodeIgniter\Session\Handlers\FileHandler' driver.
INFO - 2023-10-11 17:49:23 --> Session: Class initialized using 'CodeIgniter\Session\Handlers\FileHandler' driver.
ERROR - 2023-10-11 17:56:31 --> Error connecting to the database: mysqli_sql_exception: No connection could be made because the target machine actively refused it in C:\laragon\www\sistem\system\Database\MySQLi\Connection.php:174
Stack trace:
#0 C:\laragon\www\sistem\system\Database\MySQLi\Connection.php(174): mysqli->real_connect('localhost', 'root', '', 'monitoring', 3306, '', 0)
#1 C:\laragon\www\sistem\system\Database\BaseConnection.php(391): CodeIgniter\Database\MySQLi\Connection->connect(false)
#2 C:\laragon\www\sistem\system\Database\BaseConnection.php(574): CodeIgniter\Database\BaseConnection->initialize()
#3 C:\laragon\www\sistem\system\Database\BaseBuilder.php(1616): CodeIgniter\Database\BaseConnection->query('SELECT *\nFROM `...', Array, false)
#4 C:\laragon\www\sistem\system\Model.php(241): CodeIgniter\Database\BaseBuilder->get()
#5 C:\laragon\www\sistem\system\BaseModel.php(618): CodeIgniter\Model->doFindAll(0, 0)
#6 C:\laragon\www\sistem\app\Models\SensorModel.php(20): CodeIgniter\BaseModel->findAll()
#7 C:\laragon\www\sistem\app\Controllers\pages.php(37): App\Models\SensorModel->getSensor()
#8 C:\laragon\www\sistem\system\CodeIgniter.php(932): App\Controllers\Pages->dataNilaiSensor()
#9 C:\laragon\www\sistem\system\CodeIgniter.php(497): CodeIgniter\CodeIgniter->runController(Object(App\Controllers\Pages))
#10 C:\laragon\www\sistem\system\CodeIgniter.php(366): CodeIgniter\CodeIgniter->handleRequest(NULL, Object(Config\Cache), false)
#11 C:\laragon\www\sistem\public\index.php(67): CodeIgniter\CodeIgniter->run()
#12 {main}

Next CodeIgniter\Database\Exceptions\DatabaseException: No connection could be made because the target machine actively refused it in C:\laragon\www\sistem\system\Database\MySQLi\Connection.php:218
Stack trace:
#0 C:\laragon\www\sistem\system\Database\BaseConnection.php(391): CodeIgniter\Database\MySQLi\Connection->connect(false)
#1 C:\laragon\www\sistem\system\Database\BaseConnection.php(574): CodeIgniter\Database\BaseConnection->initialize()
#2 C:\laragon\www\sistem\system\Database\BaseBuilder.php(1616): CodeIgniter\Database\BaseConnection->query('SELECT *\nFROM `...', Array, false)
#3 C:\laragon\www\sistem\system\Model.php(241): CodeIgniter\Database\BaseBuilder->get()
#4 C:\laragon\www\sistem\system\BaseModel.php(618): CodeIgniter\Model->doFindAll(0, 0)
#5 C:\laragon\www\sistem\app\Models\SensorModel.php(20): CodeIgniter\BaseModel->findAll()
#6 C:\laragon\www\sistem\app\Controllers\pages.php(37): App\Models\SensorModel->getSensor()
#7 C:\laragon\www\sistem\system\CodeIgniter.php(932): App\Controllers\Pages->dataNilaiSensor()
#8 C:\laragon\www\sistem\system\CodeIgniter.php(497): CodeIgniter\CodeIgniter->runController(Object(App\Controllers\Pages))
#9 C:\laragon\www\sistem\system\CodeIgniter.php(366): CodeIgniter\CodeIgniter->handleRequest(NULL, Object(Config\Cache), false)
#10 C:\laragon\www\sistem\public\index.php(67): CodeIgniter\CodeIgniter->run()
#11 {main}
ERROR - 2023-10-11 17:56:31 --> Error connecting to the database: mysqli_sql_exception: No connection could be made because the target machine actively refused it in C:\laragon\www\sistem\system\Database\MySQLi\Connection.php:174
Stack trace:
#0 C:\laragon\www\sistem\system\Database\MySQLi\Connection.php(174): mysqli->real_connect('localhost', 'root', '', 'monitoring', 3306, '', 0)
#1 C:\laragon\www\sistem\system\Database\BaseConnection.php(391): CodeIgniter\Database\MySQLi\Connection->connect(false)
#2 C:\laragon\www\sistem\system\Database\BaseConnection.php(574): CodeIgniter\Database\BaseConnection->initialize()
#3 C:\laragon\www\sistem\system\Database\BaseBuilder.php(1616): CodeIgniter\Database\BaseConnection->query('SELECT *\nFROM `...', Array, false)
#4 C:\laragon\www\sistem\system\Model.php(241): CodeIgniter\Database\BaseBuilder->get()
#5 C:\laragon\www\sistem\system\BaseModel.php(618): CodeIgniter\Model->doFindAll(0, 0)
#6 C:\laragon\www\sistem\app\Models\SensorModel.php(20): CodeIgniter\BaseModel->findAll()
#7 C:\laragon\www\sistem\app\Controllers\pages.php(47): App\Models\SensorModel->getSensor()
#8 C:\laragon\www\sistem\system\CodeIgniter.php(932): App\Controllers\Pages->dataKelembapan()
#9 C:\laragon\www\sistem\system\CodeIgniter.php(497): CodeIgniter\CodeIgniter->runController(Object(App\Controllers\Pages))
#10 C:\laragon\www\sistem\system\CodeIgniter.php(366): CodeIgniter\CodeIgniter->handleRequest(NULL, Object(Config\Cache), false)
#11 C:\laragon\www\sistem\public\index.php(67): CodeIgniter\CodeIgniter->run()
#12 {main}

Next CodeIgniter\Database\Exceptions\DatabaseException: No connection could be made because the target machine actively refused it in C:\laragon\www\sistem\system\Database\MySQLi\Connection.php:218
Stack trace:
#0 C:\laragon\www\sistem\system\Database\BaseConnection.php(391): CodeIgniter\Database\MySQLi\Connection->connect(false)
#1 C:\laragon\www\sistem\system\Database\BaseConnection.php(574): CodeIgniter\Database\BaseConnection->initialize()
#2 C:\laragon\www\sistem\system\Database\BaseBuilder.php(1616): CodeIgniter\Database\BaseConnection->query('SELECT *\nFROM `...', Array, false)
#3 C:\laragon\www\sistem\system\Model.php(241): CodeIgniter\Database\BaseBuilder->get()
#4 C:\laragon\www\sistem\system\BaseModel.php(618): CodeIgniter\Model->doFindAll(0, 0)
#5 C:\laragon\www\sistem\app\Models\SensorModel.php(20): CodeIgniter\BaseModel->findAll()
#6 C:\laragon\www\sistem\app\Controllers\pages.php(47): App\Models\SensorModel->getSensor()
#7 C:\laragon\www\sistem\system\CodeIgniter.php(932): App\Controllers\Pages->dataKelembapan()
#8 C:\laragon\www\sistem\system\CodeIgniter.php(497): CodeIgniter\CodeIgniter->runController(Object(App\Controllers\Pages))
#9 C:\laragon\www\sistem\system\CodeIgniter.php(366): CodeIgniter\CodeIgniter->handleRequest(NULL, Object(Config\Cache), false)
#10 C:\laragon\www\sistem\public\index.php(67): CodeIgniter\CodeIgniter->run()
#11 {main}
CRITICAL - 2023-10-11 17:56:31 --> Unable to connect to the database.
Main connection [MySQLi]: No connection could be made because the target machine actively refused it
in SYSTEMPATH\Database\BaseConnection.php on line 427.
 1 SYSTEMPATH\Database\BaseConnection.php(574): CodeIgniter\Database\BaseConnection->initialize()
 2 SYSTEMPATH\Database\BaseBuilder.php(1616): CodeIgniter\Database\BaseConnection->query('SELECT *
FROM `parameter`', [], false)
 3 SYSTEMPATH\Model.php(241): CodeIgniter\Database\BaseBuilder->get()
 4 SYSTEMPATH\BaseModel.php(618): CodeIgniter\Model->doFindAll(0, 0)
 5 APPPATH\Models\SensorModel.php(20): CodeIgniter\BaseModel->findAll()
 6 APPPATH\Controllers\pages.php(47): App\Models\SensorModel->getSensor()
 7 SYSTEMPATH\CodeIgniter.php(932): App\Controllers\Pages->dataKelembapan()
 8 SYSTEMPATH\CodeIgniter.php(497): CodeIgniter\CodeIgniter->runController(Object(App\Controllers\Pages))
 9 SYSTEMPATH\CodeIgniter.php(366): CodeIgniter\CodeIgniter->handleRequest(null, Object(Config\Cache), false)
10 FCPATH\index.php(67): CodeIgniter\CodeIgniter->run()
CRITICAL - 2023-10-11 17:56:31 --> Unable to connect to the database.
Main connection [MySQLi]: No connection could be made because the target machine actively refused it
in SYSTEMPATH\Database\BaseConnection.php on line 427.
 1 SYSTEMPATH\Database\BaseConnection.php(574): CodeIgniter\Database\BaseConnection->initialize()
 2 SYSTEMPATH\Database\BaseBuilder.php(1616): CodeIgniter\Database\BaseConnection->query('SELECT *
FROM `parameter`', [], false)
 3 SYSTEMPATH\Model.php(241): CodeIgniter\Database\BaseBuilder->get()
 4 SYSTEMPATH\BaseModel.php(618): CodeIgniter\Model->doFindAll(0, 0)
 5 APPPATH\Models\SensorModel.php(20): CodeIgniter\BaseModel->findAll()
 6 APPPATH\Controllers\pages.php(37): App\Models\SensorModel->getSensor()
 7 SYSTEMPATH\CodeIgniter.php(932): App\Controllers\Pages->dataNilaiSensor()
 8 SYSTEMPATH\CodeIgniter.php(497): CodeIgniter\CodeIgniter->runController(Object(App\Controllers\Pages))
 9 SYSTEMPATH\CodeIgniter.php(366): CodeIgniter\CodeIgniter->handleRequest(null, Object(Config\Cache), false)
10 FCPATH\index.php(67): CodeIgniter\CodeIgniter->run()
INFO - 2023-10-11 18:03:18 --> Session: Class initialized using 'CodeIgniter\Session\Handlers\FileHandler' driver.
INFO - 2023-10-11 18:03:18 --> Session: Class initialized using 'CodeIgniter\Session\Handlers\FileHandler' driver.
INFO - 2023-10-11 19:11:32 --> Session: Class initialized using 'CodeIgniter\Session\Handlers\FileHandler' driver.
INFO - 2023-10-11 19:11:32 --> Session: Class initialized using 'CodeIgniter\Session\Handlers\FileHandler' driver.
INFO - 2023-10-11 19:14:38 --> Session: Class initialized using 'CodeIgniter\Session\Handlers\FileHandler' driver.
INFO - 2023-10-11 19:17:17 --> Session: Class initialized using 'CodeIgniter\Session\Handlers\FileHandler' driver.
INFO - 2023-10-11 19:17:51 --> Session: Class initialized using 'CodeIgniter\Session\Handlers\FileHandler' driver.
INFO - 2023-10-11 19:19:31 --> Session: Class initialized using 'CodeIgniter\Session\Handlers\FileHandler' driver.
INFO - 2023-10-11 19:19:31 --> Session: Class initialized using 'CodeIgniter\Session\Handlers\FileHandler' driver.
INFO - 2023-10-11 22:32:38 --> Session: Class initialized using 'CodeIgniter\Session\Handlers\FileHandler' driver.
INFO - 2023-10-11 22:32:38 --> Session: Class initialized using 'CodeIgniter\Session\Handlers\FileHandler' driver.
INFO - 2023-10-11 22:34:11 --> Session: Class initialized using 'CodeIgniter\Session\Handlers\FileHandler' driver.
